2023-10-23 00:41:24,844 : INFO : Loaded model_weight from model/user_trained/smi_acc-epoch=113-val_acc=0.79.ckpt 
2023-10-23 00:41:26,624 : INFO : ========== Configuration ========== 
2023-10-23 00:41:26,624 : INFO : device: 0 
2023-10-23 00:41:26,624 : INFO : c_val: 1.0 
2023-10-23 00:41:26,624 : INFO : threshold_type: generation_num 
2023-10-23 00:41:26,624 : INFO : generation_num: 300 
2023-10-23 00:41:26,624 : INFO : output_dir: result/example01 
2023-10-23 00:41:26,624 : INFO : model_setting: {'model_checkpoint': 'model/user_trained/smi_acc-epoch=113-val_acc=0.79.ckpt', 'model_config': 'train_model/model_setting.yaml'} 
2023-10-23 00:41:26,624 : INFO : token: model/user_trained/tokens.txt 
2023-10-23 00:41:26,625 : INFO : reward_setting: {'reward_module': 'reward.logP_reward', 'reward_class': 'LogP_reward'} 
2023-10-23 00:41:26,625 : INFO : expansion_threshold: 0.995 
2023-10-23 00:41:26,625 : INFO : simulation_num: 3 
2023-10-23 00:41:26,625 : INFO : flush_threshold: -1 
2023-10-23 00:41:26,625 : INFO : policy_setting: {'policy_module': 'policy.ucb1', 'policy_class': 'Ucb1'} 
2023-10-23 00:41:26,625 : INFO : save_checkpoint: False 
2023-10-23 00:41:26,625 : INFO : restart: False 
2023-10-23 00:41:26,625 : INFO : checkpoint_file: chemtsv2.ckpt.pkl 
2023-10-23 00:41:26,625 : INFO : use_lipinski_filter: True 
2023-10-23 00:41:26,625 : INFO : lipinski_filter: {'module': 'filter.lipinski_filter', 'class': 'LipinskiFilter', 'type': 'rule_of_5'} 
2023-10-23 00:41:26,625 : INFO : use_radical_filter: True 
2023-10-23 00:41:26,625 : INFO : radical_filter: {'module': 'filter.radical_filter', 'class': 'RadicalFilter'} 
2023-10-23 00:41:26,625 : INFO : use_pubchem_filter: True 
2023-10-23 00:41:26,625 : INFO : pubchem_filter: {'module': 'filter.pubchem_filter', 'class': 'PubchemFilter'} 
2023-10-23 00:41:26,625 : INFO : use_sascore_filter: True 
2023-10-23 00:41:26,625 : INFO : sascore_filter: {'module': 'filter.sascore_filter', 'class': 'SascoreFilter', 'threshold': 3.5} 
2023-10-23 00:41:26,625 : INFO : use_ring_size_filter: True 
2023-10-23 00:41:26,625 : INFO : ring_size_filter: {'module': 'filter.ring_size_filter', 'class': 'RingSizeFilter', 'threshold': 6} 
2023-10-23 00:41:26,625 : INFO : use_pains_filter: False 
2023-10-23 00:41:26,625 : INFO : pains_filter: {'module': 'filter.pains_filter', 'class': 'PainsFilter', 'type': ['pains_a']} 
2023-10-23 00:41:26,625 : INFO : include_filter_result_in_reward: False 
2023-10-23 00:41:26,625 : INFO : infinite_loop_threshold_for_selection: 1000 
2023-10-23 00:41:26,625 : INFO : infinite_loop_threshold_for_expansion: 20 
2023-10-23 00:41:26,625 : INFO : fix_random_seed: False 
2023-10-23 00:41:26,625 : INFO : batch_reward_calculation: False 
2023-10-23 00:41:26,625 : INFO : leaf_parallel: False 
2023-10-23 00:41:26,625 : INFO : leaf_parallel_num: 4 
2023-10-23 00:41:26,625 : INFO : qsub_parallel: False 
2023-10-23 00:41:26,625 : INFO : neutralization: False 
2023-10-23 00:41:26,625 : INFO : debug: False 
2023-10-23 00:41:26,625 : INFO : max_len: 74 
2023-10-23 00:41:26,625 : INFO : rnn_vocab_size: 41 
2023-10-23 00:41:26,625 : INFO : rnn_output_size: 256 
2023-10-23 00:41:26,625 : INFO : =================================== 
2023-10-23 00:41:26,699 : INFO : Loaded tokens are ['<pad>', '<bos>', '<eos>', '#', '(', ')', '-', '/', '1', '2', '3', '4', '5', '6', '7', '8', '=', 'C', 'N', 'O', '[C@@H]', '[C@@]', '[C@H]', '[C@]', '[N+]', '[N-]', '[NH+]', '[NH-]', '[NH2+]', '[NH3+]', '[O-]', '[OH+]', '[n+]', '[n-]', '[nH+]', '[nH]', '[o+]', '\\', 'c', 'n', 'o'] 
2023-10-23 00:41:26,699 : INFO : state position: ['<bos>'] 
2023-10-23 00:41:28,012 : INFO : new compound ['C=CCCC(=O)NCC(=O)Nc1ccc(C)cc1C', 'O=C([O-])CNC(=O)CCc1ccccc1', 'NC(=O)c1cc[nH+]c(Nc2ccc(OCCc3ccncc3)cc2)c1', '[NH3+][C@@H]1C[C@H]2CC[C@H]1CN(C1CC[NH+](CC3CCOCC3)C1)C2', 'COCC(=O)N1CCC[C@H](C(=O)Nc2cccc3cnccc23)C1', 'O=C(CC1CC1)NN1C(=O)c2ccccc2C1=O', 'N#C[C@H](NC(=O)N[C@@H]1CCc2ccccc21)c1ccc2[nH]ccc2c1', '[NH3+]C[C@H]1CCO[C@]12CCC[C@H](CC1)C2', 'Cc1ccc(-c2n[nH]c3c2[C@@H](c2cc[nH]n2)CN(C(=O)c2cccnc2)C3=O)cc1', 'O=C(Nc1ccc(OC[C@H]2CCCO2)cc1)[C@@H]1C=NN=C1c1ccccc1', 'Nc1ccc2nc(N3CC[NH2+]CC3)ncc2c1', '[NH3+]C1(CO)CC[NH+]([C@@H](C)c2ccc(O)cc2)CC1'] 
2023-10-23 00:41:28,349 : INFO : Valid SMILES ratio: 0.5833333333333334 
2023-10-23 00:41:28,349 : INFO : Number of valid SMILES: 7 
2023-10-23 00:41:28,350 : INFO : state position: ['<bos>', 'N'] 
2023-10-23 00:41:30,333 : INFO : new compound ['N#Cc1ccc(COC(=O)c2ccc(-n3cnn3c4ncccc4c3ccccc3)c2)cc1', 'NC(=O)N1CCn2c1cccc12', 'Nc1ccc(-c2cccc(O)c2)nc1', 'N/C(=N\\NC(=O)CN1CC[NH+](C2CCCCC2)CC1)c1ccc2c(c1)CCC(=O)N2C1CC1', 'NNC(=O)c1ccc(Cn2ncnc2-c2ccccc2)cn1', 'N[C@@H](CO)c1ccc([N+](=O)[O-])cc1', 'N[C@H]1C[C@@H]([NH+]2CCCC[C@H]2CC(C)C)CCC1(C)C', 'N#Cc1ccc(CNC(=O)c2ccc3c(=O)n4c(nc3c2)CCCCC4)cc1', 'NC(=O)[C@H]1CCNC(=O)[C@H]1CC(=O)N1CCO[C@H](C#N)C1', 'Nc1cc(C(=O)[O-])ccc1N', 'N/C(=N\\OCC[NH+]1CCCCC1)c1cccc(N2CCCC2)c1', 'NNc1cc[nH+]c(CN2CCN(c3ncnc4ncccc34)CC2)n1', 'N[C@@H]1C=C[C@H](C(=O)[O-])C1', 'N[C@H](C[NH+]1CCCCCC1)C(=O)OC1CCC1', 'N#C[C@H](NC(=O)[C@H]1CCCNC1=O)c1ccc(-n2ccnc2)nc1', 'NC(=O)COc1cccc2c1CCCN2CC(=O)N[C@H]1CC[NH+](CC2CCCC2)C1', 'Nc1ncc[nH+]c1C[NH+]1CCCCC1', 'N/C(=N/OCCn1cc[nH+]c1)N1CCOC[C@H]1C1CC1', 'NNc1nccnc1C(=O)NC1CCCCC1', 'N[C@@H]1CCCN(c2ccc([N+](=O)[O-])cc2)C1', 'N[C@H](CO)C[NH+]1CCc2ccccc2O1'] 
2023-10-23 00:41:30,386 : INFO : Valid SMILES ratio: 0.3333333333333333 
2023-10-23 00:41:30,386 : INFO : Number of valid SMILES: 14 
2023-10-23 00:41:30,386 : INFO : state position: ['<bos>', 'C'] 
2023-10-23 00:41:34,385 : INFO : new compound ['CCOC(=O)c1cnc2cc(C)ccc2n1[C@H](C)CC', 'Cc1noc(C)c1CCC(=O)Nc1cccc2c1CN(C(=O)C1CCCC1)C2', 'COc1cccc(N2CCN([C@H](c3ccccc3[N+](=O)[O-])C3=CCOCC3)CC2=O)c1', 'CNc1cc(C(=O)N2CCC[C@H]2c2ncon2)cc[nH+]1', 'C[C@H](C[NH+]1CCCCC1)NC(=O)NC1CC[NH+](C2CCCC2)CC1', 'C[C@@H]1CC[NH+](CCCC(N)=O)C[C@@H]1[NH3+]', 'C[NH+](Cc1cc(O)ccc1O)C[C@@H](C(=O)[O-])C1CCCC1', 'Cn1cc(NC(=O)CCc2ccccn2)ccc1N', 'C=CCC[C@H](C)OC(=O)[C@@H]1CN(C2CCCCC2)C[C@@H](C)O1', 'C#Cc1cccc(NCC(=O)N2CCN(CCc3nc(C)no3)CC2)c1', 'C[NH2+][C@]1(C(N)=O)[C@@H](C)C[C@H](C)C1', 'C/C(=N\\NC(=O)c1cn(Cc2ccccc2)c2ccccc12)c1ccc(C#N)cc1', 'CCCCCO[C@H]1CCCC(C)(C)[C@H]1[NH3+]', 'Cc1c(C(=O)Nc2ccc(N3CCCC3=O)cc2)cnn1-c1ccc([N+](=O)[O-])cc1', 'COC(=O)Cc1cc(C)cc(OC)c1NC(=O)C(=O)N[C@@H]1CCOc2ccccc21', 'CNC(=O)Cn1cc(C(=O)N2CCN(C)C[C@@H]2c2cccnc2)c(C)n1', 'C[C@H](CNC(=O)CN1C(=O)NC2(CCCC2)C1=O)N1CCCC1', 'C[C@@H]1CC[C@H](C(=O)[O-])[NH+]1Cc1ccccc1', 'C[NH+](CC1CC[NH2+]CC1)C(C)(C)C(N)=O', 'Cn1cnc([N+](=O)[O-])c1Oc1c(NC[C@H]2C[C@H]2C)cccc1[N+](=O)[O-]', 'C=C1c2ccccc2C(=O)N1CCNC(=O)[C@@H]1CC(=O)N(Cc2ccc(C)cc2C)C1', 'C#CCN(CC#C)CC(=O)Nc1ccc2[nH]c(=O)[nH]c2c1', 'C[NH2+][C@]1(C(=O)OC)CCC[C@@H](CC(C)C)C1', 'C/C=C(\\C)C(=O)Nc1cc2ccccc2cc1OC', 'CC[C@@H]1C[NH2+]CC[C@]12NCCN2C', 'Cc1ccccc1CCNC(=O)N[C@H](C)c1ccccc1C', 'COC(=O)c1ccccc1N(C)C(=O)[C@H]1C[C@H]1C', 'CNC(=O)[C@@H]1CCCC[C@@H]1NC(=O)c1n[nH]c(C2CC2)n1', 'C[C@H]1[C@H](C(=O)[O-])CCN1C(=O)C1C(C)(C)C1(C)C', 'C[C@@H]1CN(CCN2CCNC(=O)[C@@H]2Cc2ccccc2)OCC1(C)C', 'C[NH+]1CCC[C@H](CN2CC[NH+](CCCc3ccccc3)CC2)C1', 'Cn1c([C@H]2CC3(c4ccccc4-c3ccccc3)CC2)nc2ccncc21', 'C=CCNC(=O)N(Cc1ccc(C(C)(C)C)cc1)C1CCC1', 'C#CCNC(=O)N[C@H]1[C@@H]2CCO[C@@H]2C1(C)C', 'C[NH2+][C@H]1[C@H](Oc2ccccc2C(C)C)CCC1(C)C', 'C/C(=C\\c1ccc2c(c1)OCO2)C(=O)NCCc1nccn1CCc1ccccc1'] 
2023-10-23 00:41:34,483 : INFO : Valid SMILES ratio: 0.4444444444444444 
2023-10-23 00:41:34,483 : INFO : Number of valid SMILES: 30 
2023-10-23 00:41:34,483 : INFO : state position: ['<bos>', 'O'] 
2023-10-23 00:41:35,622 : INFO : new compound ['O=C(N/N=C/c1ccco1)c1cccc(OCc2ccccc2)c1', 'OCCn1cc[nH+]c1C1CCN(c2cncc(-n3ccnc3)n2)CC1', 'O[C@@H](COc1ccc([N+](=O)[O-])cc1)Cn1nc(-c2ccccc2)ccc1=O', 'O[C@H](COc1cccc2ccccc12)CC1(O)CCCC1', 'O=C(C[C@@H](O)c1ccco1)OC12CC3CC(CC(C3)C1)C2', 'OCCCOc1cn(C)nc1C[C@H](O)c1cnn(-c2ccccc2)c1', 'O[C@@H](C[C@H]1CC[NH2+]C1)C(=O)N1CCCC1', 'O[C@H](C[C@H]1CCC[NH+]1Cc1ccccc1)Cc1ccccc1', 'O=C1[C@@H]2CCCC[C@H]2NC(=O)[C@@H]1c1ccccc1', 'OC[C@@H]1CCCO[C@@H]1C[NH+]1CCC2(CCc3ccccc32)CC1', 'O[C@@H](COC1CCCC1)[C@@H]1CCc2ccccc21', 'O[C@H](C[NH+]1CCCCCC1)C(C)(C)c1ccccc1'] 
2023-10-23 00:41:35,659 : INFO : Valid SMILES ratio: 0.5 
2023-10-23 00:41:35,659 : INFO : Number of valid SMILES: 36 
2023-10-23 00:41:35,659 : INFO : state position: ['<bos>', 'O', '[C@H]'] 
2023-10-23 00:41:35,990 : INFO : new compound ['O[C@H](c1cccc(-c2ccoc2)c1)[C@H]1CC(=O)N(C2CC2)C1', 'O[C@H](C[NH2+][C@H]1CCc2ccccc21)C1CC1', 'O[C@H](c1ccccc1)c1ccc2c(c1)C(=O)N(Cc1ccco1)C2=O'] 
2023-10-23 00:41:36,000 : INFO : Valid SMILES ratio: 0.6666666666666666 
2023-10-23 00:41:36,000 : INFO : Number of valid SMILES: 38 
2023-10-23 00:41:36,000 : INFO : state position: ['<bos>', 'O', 'C'] 
2023-10-23 00:41:37,595 : INFO : new compound ['OCCC1[NH+]=c2ccccc2=[NH+]1', 'OCc1nc2ccccc2n1Cc1ccccc1', 'OC[C@@H]1[C@H](c2nc3ccccc3[nH+]2)CCC[C@@H]1OCc1ccccc1', 'OC1NC(=O)[C@H](CC(=O)N2Cc3ccccc3C[C@H]2c2ccccc2)C1', 'OC[C@H]1CN(Cc2cc(-c3ccccc3)no2)CCO1', 'OC(C1CCCCC1)[C@@H]1CCc2ccc[nH+]c2C1', 'OC[C@]1(C[NH2+]Cc2nncn2-c2ccccc2)CCOCC1', 'OCC[NH+](CC[C@@H]1CCOC2=O)C1', 'OCc1cccc(C[NH+]2CCC(CN3CCOCC3)CC2)c1', 'OC[C@@H]1CCC[NH+](C2CCCC2)C1', 'OC1(Cc2ccccc2)CN(c2ncccn2)C1', 'OC[C@H]([NH2+]Cc1ccncc1)Nc1cccc(O)c1', 'OC(C)(CC1CC1)N1CC[NH+]([C@@H]2C[C@H]3CC[C@@H]2C3)CC1', 'OC[C@]1([C@H](O)[C@@H]2COc3ccccc32)CCCC1', 'OCC1(Cc2ccccc2)CC[NH+](C2CCCC2)CC1', 'OCc1ccc(C(=O)N2C[C@H](c3ccco3)CCO2)cc1', 'OC[C@@H]1CCC[NH+]1Cc1ccccc1', 'OC12CC3C[C@]4(C)CC(=O)[C@]2(C)[C@@H]1CC[C@@]21CC[C@]2(C)C(=O)NC(=O)[C@@H]31[C@H](O)CC1', 'OC[C@H]1CCC[C@@H]1Oc1cccnc1', 'OC(NC1CCCCC1)Cn1cc[nH+]c1', 'OC[C@]1(c2ccc3ccccc3c2)OCO1'] 
2023-10-23 00:41:37,645 : INFO : Valid SMILES ratio: 0.38095238095238093 
2023-10-23 00:41:37,645 : INFO : Number of valid SMILES: 46 
2023-10-23 00:41:37,646 : INFO : state position: ['<bos>', 'N', '[C@@H]'] 
2023-10-23 00:41:37,819 : INFO : new compound ['N[C@@H](C[NH3+]C(N)=O)c1ccccc1', 'N[C@@H](c1ccccc1)C1(O)CCCC1(C)C', 'N[C@@H](c1ccccc1)c1nc2ccc(C#N)cc2o1'] 
2023-10-23 00:41:37,826 : INFO : Valid SMILES ratio: 0.6666666666666666 
2023-10-23 00:41:37,826 : INFO : Number of valid SMILES: 48 
2023-10-23 00:41:37,826 : INFO : state position: ['<bos>', 'N', 'c'] 
2023-10-23 00:41:38,115 : INFO : new compound ['Nc1nnnn1CCC(=O)N1CCC(C(=O)NCc2ccccc2)CC1', 'Nc1cc(N2CCOCC2)cc(-c2ccccc2[N+](=O)[O-])n1', 'Nc1nc2ccccc2nc1Oc1ccccc1'] 
2023-10-23 00:41:38,125 : INFO : Valid SMILES ratio: 1.0 
2023-10-23 00:41:38,125 : INFO : Number of valid SMILES: 51 
2023-10-23 00:41:38,125 : INFO : state position: ['<bos>', 'C', '[C@H]'] 
2023-10-23 00:41:38,448 : INFO : new compound ['C[C@H]1CN([C@H](C)C(=O)NC(=O)NCCc2cccnc2)c2ccccc21', 'C[C@H]1CCCCN1C(=O)N[C@H]1CCCC[C@@H]1OC1CCCC1', 'C[C@H]1CN(C(=O)Nc2ccccc2C(C)(C)C)CC[C@H]1[NH3+]'] 
2023-10-23 00:41:38,458 : INFO : Valid SMILES ratio: 1.0 
2023-10-23 00:41:38,458 : INFO : Number of valid SMILES: 54 
2023-10-23 00:41:38,458 : INFO : state position: ['<bos>', 'N', 'N'] 
2023-10-23 00:41:40,425 : INFO : new compound ['NNC(=O)c1ccccc1NC(=O)c1ccc(COc2ccccc2)cc1', 'NNc1ncnc(NCCc2ccccc2)c1[N+](=O)[O-]', 'NN1N=C(c2ccco2)CC1', 'NN(Cc1ccccc1)C(=O)/C=C/c1ccc([N+](=O)[O-])cc1', 'NN/C(NC1CC[NH+](C2CC2)CC1)c1ccccc1', 'NN[C@@]1(C(=O)[O-])CC[C@@H](OC2CCC2)C1', 'NN[C@]1(O)CCC(=O)N(Cc2ccccc2)C1(C#C)CC', 'NN[C@H]1C[NH+](CC2CCCC2)CC[NH2+]1', 'NNC(=O)c1ccc(N2CCC[C@@H](c3nccnc3C[NH2+]C3CC3)C2)nc1', 'NNc1cc(C(=O)[O-])nn1-c1ccccc1', 'NN1CCc2cc([N+](=O)[O-])ccc21', 'NN(Cc1ccccn1)c1ccc([N+](=O)[O-])cc1', 'NN/C=C1\\C(=O)N=C(c2ccccc2)Nc1c1ccc(O)cc1=O', 'NN[C@@]1(C(=O)[O-])CC[NH+](Cc2cc[nH]c2)C1', 'NN[C@]1([NH+](CC(C)C)C[C@@H]2CCCO2)CCCC1', 'NN[C@H]1c2ccccc2CC1=O', 'NNC(=O)[C@H](NC(=O)Oc1ccccc1)c1ccco1', 'NNc1nc2ccccn2c1[N+](=O)[O-]', 'NN1CC(=O)N/C(=C/c2cccc(O)c2)N1', 'NN(Cc1ccccc1)C(=O)[C@H]1[C@H]2C=C[C@@H](O)O12', 'NN/C([O-])=C(\\C#C)C(=O)C12CC3CC(CC(C3)C1)C2', 'NN[C@@]1(C#N)CC[C@H](Oc2ccccc2-c2cccnc2)C1', 'NN[C@]1(C#N)CC[C@@H]([NH+]2CCc3ccccc3C2)C1', 'NN[C@H]1[C@H](c2ccn(-c3ccccc3)c2)C(=O)NC(C)=N1'] 
2023-10-23 00:41:40,484 : INFO : Valid SMILES ratio: 0.4166666666666667 
2023-10-23 00:41:40,485 : INFO : Number of valid SMILES: 64 
2023-10-23 00:41:40,485 : INFO : state position: ['<bos>', 'C', '='] 
2023-10-23 00:41:40,691 : INFO : new compound ['C=CC[NH2+]CCOc1ccccc1OCC(C)C', 'C=C[C@](C)(C#N)NC(=O)C[C@H](O)c1ccccc1', 'C=CCC(=O)O[C@@H](C)[C@H](C)c1ccc(OC)cc1'] 
2023-10-23 00:41:40,699 : INFO : Valid SMILES ratio: 0.6666666666666666 
2023-10-23 00:41:40,699 : INFO : Number of valid SMILES: 66 
2023-10-23 00:41:40,699 : INFO : state position: ['<bos>', 'O', '='] 
2023-10-23 00:41:41,288 : INFO : new compound ['O=C(CCn1cncn1)N1CC[NH+](Cc2ccccc2)CC1', 'O=[N+]([O-])c1ccccc1C[NH+]1CCC2(CC1)OCCO2', 'O=C(N[C@@H]1CCN(c2ccccc2)C1)N[C@@H]1CCCc2ccccc21', 'O=[N+]([O-])c1ccc(N[C@@H]2CCCC[C@H]2O)[nH+]c1', 'O=C(NCCN1CCOCC1)c1ncn2c(C(=O)[O-])nnc2c1', 'O=[N+]([O-])c1ccc2n(c1=O)CC[C@H](Nc1nc(O)ccc1N)C2'] 
2023-10-23 00:41:41,306 : INFO : Valid SMILES ratio: 0.5 
2023-10-23 00:41:41,306 : INFO : Number of valid SMILES: 69 
2023-10-23 00:41:41,306 : INFO : state position: ['<bos>', 'C', '#'] 
2023-10-23 00:41:41,631 : INFO : new compound ['C#CCCOc1ccccc1NC(=O)COc1ccc2ccccc2c1', 'C#CCN1C(=O)c2ccccc2N[C@@H]1C(=O)NCc1ccccc1', 'C#Cc1cccc(NC(=O)C[NH+](CC(=O)[O-])C(C)C)c1'] 
2023-10-23 00:41:41,641 : INFO : Valid SMILES ratio: 0.6666666666666666 
2023-10-23 00:41:41,641 : INFO : Number of valid SMILES: 71 
2023-10-23 00:41:41,641 : INFO : state position: ['<bos>', 'C', 'N'] 
2023-10-23 00:41:43,653 : INFO : new compound ['CN(C)C(=O)COC(O)(C[NH3+])C[C@H]1CCCO1', 'CNC(=O)CN1CC[NH+](C(C)(C)C)CC1', 'CN1CCO[C@H](CNC(=O)C[C@@H]2CCCO2)C1', 'CNc1cc[nH+]c(CN2CCN(C(C)=O)CC2)c1', 'CN[C@]1(C#[O-])CCC[C@H](NC(=O)C[NH+]2CCCCC2)C1', 'CN[C@@]1(C(=O)OC)CCC[C@@H]([NH+]2CCC[C@@H](CC)C2)C1', 'CN[C@H](Cc1ccccn1)C(C)(C)[NH+](C)C', 'CN(C)C(=O)c1ccccc1C(=O)C1CCCC1', 'CNC(=O)[C@H]1CN(C(=O)NCCN2CCc3cc(C)ccc3C2)CCO1', 'CN1CCO[C@@H](COc2cc(NC(=O)c3ccco3)cnc2C)C1', 'CNc1nc(NCCNC(=O)c2ccccc2)nc2c1CCC(=O)N2Cc1ccccc1', 'CN[C@]1(C(N)=O)CCC[C@H](CC[NH+]2CCCCC2)C1', 'CN[C@@]1(C(=O)[O-])CCC[C@H]1CC[NH+]1CCC[C@@H](C)[C@H]1C', 'CN[C@H](c1cc(N)ccc1C)C1CCN(C(=O)NC2CCCC2)CC1', 'CN(CC(=O)N1CCc2ccccc2C1)C12CC3(CC1(OCC)OCO1)CCC2', 'CNC(=O)c1cccc(NC(=O)C(=O)N[C@@H]2C[NH+](C3CCC3)CC2)c1', 'CN1CC[C@@H]([NH2+][C@H]2CCN(CCC(=O)N3CCOCC3)C2)C1=O', 'CNc1cc(C(=O)N[C@H](CCC#N)c2ccccc2)no1', 'CN[C@]1(C#N)CCC[C@@H]([NH+](CC)CC)C1', 'CN[C@@]1(C(=O)[O-])CC[C@H]([NH+]2CC[C@H](C)C[C@@H]2C)C1', 'CN[C@H](c1cccc(C)c1)[C@@H](C)OC'] 
2023-10-23 00:41:43,706 : INFO : Valid SMILES ratio: 0.42857142857142855 
2023-10-23 00:41:43,706 : INFO : Number of valid SMILES: 80 
2023-10-23 00:41:43,707 : INFO : state position: ['<bos>', 'O', '[C@@H]'] 
2023-10-23 00:41:43,895 : INFO : new compound ['O[C@@H](C[NH2+][C@H]1CCO[C@H]2CCCC[C@H]21)C1CC1', 'O[C@@H](COc1ccc2c(c1)OCO2)C1CC1', 'O[C@@H]([C@H]1CC[C@H](O)C1)N1CC=C2CCCC[C@@H]2C1'] 
2023-10-23 00:41:43,903 : INFO : Valid SMILES ratio: 0.3333333333333333 
2023-10-23 00:41:43,903 : INFO : Number of valid SMILES: 81 
2023-10-23 00:41:43,903 : INFO : state position: ['<bos>', 'O', '[C@H]', '('] 
2023-10-23 00:41:45,400 : INFO : new compound ['O[C@H](C[C@@H]1CCCCC[NH2+]1)[C@H](C)C[C@H]1CCC[NH+]1C', 'O[C@H](c1ccccc1)C1(C[NH3+])CCOCC1', 'O[C@H](Oc1ccc2ccccc2n1)[C@H]1CCCO1', 'O[C@H]([C@H]1CCC[C@@H](O)[C@@H]1c1ccccc1)C1CC1', 'O[C@H]([C@@H]1CCOC2(CCC(C(C)(C)C)CC2)C1)c1ccco1', 'O[C@H](Nc1ccc2oc(=O)[nH]c2c1)c1ccccc1', 'O[C@H](COc1ccc(O)cc1)c1ccc(-n2cncn2)cc1', 'O[C@H](c1cccnc1)c1cc([N+](=O)[O-])cc[nH+]1', 'O[C@H](Oc1cccc2ccccc12)c1ccccn1', 'O[C@H]([C@H]1Cc2ccccc21)C[NH2+]C[C@@H]1CCCc2ccccc21', 'O[C@H]([C@@H]1CCCCc2ccccc21)[C@H]1COC[C@H]1C(=O)[O-]', 'O[C@H](Nc1cccc(C(=O)OCc2ccccn2)c1)[C@@H]1CCCO1', 'O[C@H](C[C@H]1C[C@H]2CC[C@@H]1C2)c1cc(-c2ccncc2)nc2ccccc12', 'O[C@H](c1ccccc1)c1nnc2ccc(N3CCCC[C@H]3C)n(C)c12', 'O[C@H](Oc1ccc2c(c1)COC2)[C@@H](O)c1ccccc1', 'O[C@H]([C@H](C1CC1)c1ccccc1)C1CCOCC1', 'O[C@H]([C@@H]1CCOC1)[C@@H]1CCOC2(CCOCC2)C1', 'O[C@H](NC[C@H]1CC[NH+](C2CC2)C1)c1ccccc1'] 
2023-10-23 00:41:45,453 : INFO : Valid SMILES ratio: 0.3888888888888889 
2023-10-23 00:41:45,453 : INFO : Number of valid SMILES: 88 
2023-10-23 00:41:45,453 : INFO : state position: ['<bos>', 'N', '[C@@H]', '('] 
2023-10-23 00:41:47,394 : INFO : new compound ['N[C@@H](CO)CC[NH+]1Cc2ccccc2N1C', 'N[C@@H](c1[nH+]ccn1CC1CC1)[C@H]1CCc2ccccc21', 'N[C@@H](Oc1ccc2c(c1)C(=O)CCC2)C1CCCC1', 'N[C@@H]([C@@H]1C[NH+](CC(N)=O)C1)c1ccccc1N(C)C', 'N[C@@H](NC(=O)[C@H]1C=/[C@H](C(=O)N(Cc2ccccc2)Cc2ccccc2)C1=O', 'N[C@@H]([NH3+])c1ccn(COc2ccc3ccccc3c2)n1', 'N[C@@H](/c1cn(C)nc1-c1ccccn1)[C@@]1(C)CCO1', 'N[C@@H](C[C@H]1CN(Cc2ccccc2)C1OC1)c1ccccc1', 'N[C@@H](c1ccccn1)N1CC[NH+](CC(C)(C)C)CC1', 'N[C@@H](Oc1cccc[nH+]1)C1CCC(C(=O)[O-])CC1', 'N[C@@H]([C@@H]1CCOC2(CCCC2)C1)/c1ccccc1', 'N[C@@H](NC(=O)c1nn(-c2ccccc2)c2c1OC(C)(C)C2)C(C)(C)C(=O)[O-]', 'N[C@@H]([NH3+])c1cccc(C[NH+]2CCC[C@H]2C(N)=O)c1', 'N[C@@H](/N=c1\\\\c(=[N+](O)c2ccccc2)no1', 'N[C@@H](C[NH3+])c1ccc(-c2ccccc2)cc1', 'N[C@@H](c1ccccc1)[C@@H]1CCO[C@H]1c1ccccc1', 'N[C@@H](Oc1ccc2c(c1)CCCC2)c1ccc(-n2cncn2)cc1', 'N[C@@H]([C@@H]1CCO[C@@]2(C)C[C@H](CO)(C(=O)[O-])CC2)c1c(=O)oc2cc(N)ccc21', 'N[C@@H](Nc1ccc(Oc2ccccc2)cc1)c1ccccn1', 'N[C@@H]([NH3+])c1cccc(-c2cccnc2)c1', 'N[C@@H](/C(N)=[NH2+])C(C)(C)c1ccccc1'] 
2023-10-23 00:41:47,442 : INFO : Valid SMILES ratio: 0.3333333333333333 
2023-10-23 00:41:47,442 : INFO : Number of valid SMILES: 95 
2023-10-23 00:41:47,443 : INFO : state position: ['<bos>', 'C', '/'] 
2023-10-23 00:41:48,460 : INFO : new compound ['C/C(=N\\NC(=O)Cn1ccc(=O)nc1)c1cccc([N+](=O)[O-])c1', 'C/[NH+]=C(/NCc1ncc(C)o1)N[C@H]1C[C@@H]1C', 'C/N=C/c1cn(-c2ccccc2)nc1-c1ccccc1C', 'C/[C@@H]1CCCNC1(C#N)CC', 'C/C=C/C[NH+](CC)Cc1ccc2c(c1)OCO2', 'C/[NH+]=C(/NC[C@H]1CCC[C@@H]1C(N)=O)[NH+]1C[C@H](C)C[C@H](C)C1', 'C/N=C(\\C=C\\C1CCC(N)=NC1=O)C(C)(C)C', 'C/[C@@H](C(=O)NCc1cccc(C(N)=O)c1)=N/N', 'C/C(=N/NC(=O)c1c(C)ccccc1=O)c1cccc([N+](=O)[O-])c1', 'C/[NH+]=C(/NCC1)N(C)CCC1=O', 'C/N=C/[C@@H]1CCC(=O)N(Cc2ccco2)C1', 'C/[C@@H]1CCN(CC[NH+]2CCCCC2)C1=O'] 
2023-10-23 00:41:48,488 : INFO : Valid SMILES ratio: 0.25 
2023-10-23 00:41:48,488 : INFO : Number of valid SMILES: 98 
2023-10-23 00:41:48,488 : INFO : state position: ['<bos>', 'O', '[C@@H]', '('] 
2023-10-23 00:41:49,825 : INFO : new compound ['O[C@@H](CNc1ccc([N+](=O)[O-])cc1)c1ccccn1', 'O[C@@H](c1ccccc1)c1cccc(NC(=O)c2ccc3[nH]nnc3c2)c1', 'O[C@@H]([C@H]1CCCC[C@@H]1O)c1ccc([N+](=O)[O-])cc1', 'O[C@@H]([C@@H]1CCC[C@@H]([NH3+])C1)[C@H]1CCOC1', 'O[C@@H](OC1CCCC1)[C@H]1CCCO[C@@H]1C1CCCCCC1', 'O[C@@H](Nc1ccc(N2CCOCC2)cc1)c1ccc(O)cc1', 'O[C@@H](C[C@H]1CC[NH2+]C1)C[C@@H]1CCOC1', 'O[C@@H](c1ccc(C[NH3+])cc1)[C@@H]1CCOC1', 'O[C@@H]([C@H]1CCC[C@@H](C2CC2)C1)c1cccc(-c2ccncc2)c1', 'O[C@@H]([C@@H](Cc1ccncc1)C1CC1)c1ccccn1', 'O[C@@H](Oc1ccccc1)[C@H]1[C@H]2C=C[C@@H](C2)[C@@H]1C(=O)[O-]', 'O[C@@H](N[C@H]1CCC[C@@H]1COCc1ccccc1', 'O[C@@H](COc1ccccc1)C1(c2ccccc2)CC1', 'O[C@@H](c1ccccc1)c1cccc(OCCN2CCCCCC2)c1', 'O[C@@H]([C@H]1[NH+]=c2ccccc2=[NH+]2)[C@@H]1COCCC1CCCC1', 'O[C@@H]([C@@H]1CCCO1)c1cn2ccccc2[nH+]1', 'O[C@@H](O)c1cccc2c1[C@@H]1C=C[C@H]2C2', 'O[C@@H](NCC[C@@H]1CCOC2(CCCC2)C1)c1ccccc1'] 
2023-10-23 00:41:49,868 : INFO : Valid SMILES ratio: 0.3888888888888889 
2023-10-23 00:41:49,869 : INFO : Number of valid SMILES: 105 
2023-10-23 00:41:49,869 : INFO : state position: ['<bos>', 'C', 'c'] 
2023-10-23 00:41:50,125 : INFO : new compound ['Cc1ccccc1OCC[NH2+]C(C)C', 'Cc1cc(C)cc(N[C@H](C)C(=O)N2CCN(C(C)=O)CC2)c1', 'Cc1cc(C)c(OCCOc2cc(C)ccc2C)c(C)c1'] 
2023-10-23 00:41:50,134 : INFO : Valid SMILES ratio: 1.0 
2023-10-23 00:41:50,134 : INFO : Number of valid SMILES: 108 
2023-10-23 00:41:50,134 : INFO : state position: ['<bos>', 'C', 'O'] 
2023-10-23 00:41:51,920 : INFO : new compound ['COc1cccc([C@H]2[C@@H]3[NH+]=c4ccccc4=C3CCN2Cc2cccc(-c3ccccc3)c2)c1', 'COCC[NH2+][C@H](C)[C@@H]1CC[NH2+]C1', 'CO[C@H]1CCC[C@H]1CC(=O)N[C@@H](C)c1cc(C)c(N)c(C)c1', 'CO[C@@H]1CCCN1CNc1cc[nH+]cc1', 'CO[C@]1(C)C[C@@H](NC(=O)NC[C@](C)(O)C(C)C)C1(C)C', 'COc1ccc(N2CCN(C(=O)c3ccccc3NC(=O)C[C@@H]3C=CC[C@H]3C2=O)C(C)C)cc1', 'COC(C)(C)C[C@H](C)CNC(=O)Nc1cc(C(C)C)on1', 'CO[C@H](C)C(=O)Nc1ccc2[nH]n(-c3ccccc3O)cc2c1=O', 'CO[C@@H]1CCC[C@H]1[NH2+][C@@H](C)[C@@H](C)O', 'CO[C@]1(C)C[C@H](N(C)c2cccc(C#N)c2)C1(C)C', 'COc1ccc(CNC(=O)[C@@H]2CCCC[C@@H]2C(=O)N2CCCC2)cc1OC', 'COCCOc1ccc([C@@H]([NH3+])C(=O)NCc2ccco2)cc1', 'CO[C@H]1CCCCN1C(=O)Nc1cccc(NC(=O)c2cc(C)cc(C)c2)c1', 'CO[C@@H]1CCCN(C(=O)C(=O)N(Cc2ccccc2)Cc2cccc(C)n2)C1', 'CO[C@]1(C)C(=CC/C(=N\\O)Cn2cccn2)CCCO1'] 
2023-10-23 00:41:51,965 : INFO : Valid SMILES ratio: 0.4666666666666667 
2023-10-23 00:41:51,966 : INFO : Number of valid SMILES: 115 
2023-10-23 00:41:51,966 : INFO : state position: ['<bos>', 'N', 'c', '1'] 
2023-10-23 00:41:52,872 : INFO : new compound ['Nc1ccc(O[C@H](C)c2nc3ccccc3c(=O)n2Cc2cccnc2)cc1', 'Nc1nc(N[C@@H](CO)C(=O)[O-])c(C(=O)[O-])c(N(C)C)n1', 'Nc1[nH]c2ccccc2c1C[NH+]1CCC(n2cccn2)CC1', 'Nc1cccc(C(=O)N2CCC(c3ccccc3)CC2)c1', 'Nc1nncn1-c1ccc([N+](=O)[O-])cc1', 'Nc1[nH]c2ccccc2c1C[NH2+][C@@H]1CC(=O)N(C2CC2)C1', 'Nc1ccccc1N1CCO[C@H](c2ccc([N+](=O)[O-])cc2)C1', 'Nc1nc(NC[C@@H]2CCC(CO)(C3CCCCC3)C2)ccn1', 'Nc1[nH]ncc1C(=O)N1CCN(C(=O)c2ccccc2)CC1'] 
2023-10-23 00:41:52,900 : INFO : Valid SMILES ratio: 0.5555555555555556 
2023-10-23 00:41:52,900 : INFO : Number of valid SMILES: 120 
2023-10-23 00:41:52,900 : INFO : state position: ['<bos>', 'O', '=', 'C'] 
2023-10-23 00:41:53,711 : INFO : new compound ['O=C(CCc1ccc2c(c1)OCO2)NCCc1nnc(-c2ccccc2)o1', 'O=C1/C(=C/c2ccccc2=O)NCO1', 'O=C(N[C@H]1CCCC[C@@H]1Oc1ccccc1)/C=C/c1ccc2ccccc2c1', 'O=C1CCCC2(CCc3ccccc3N2CCCn2c(=O)n(-c3ccccc3)nc2=O)N1', 'O=C(Nc1cccc(-n2ncc3cnccc32)c1)c1ccc2c(c1)OCO2', 'O=C1N[C@H](c2cccc[n+]2[O-])[C@H]2CCc4ccccc4[C@@H]12'] 
2023-10-23 00:41:53,726 : INFO : Valid SMILES ratio: 0.3333333333333333 
2023-10-23 00:41:53,726 : INFO : Number of valid SMILES: 122 
2023-10-23 00:41:53,726 : INFO : state position: ['<bos>', 'O', '=', 'C', '('] 
2023-10-23 00:41:56,292 : INFO : new compound ['O=C(NC1CCN(C(=O)c2nnn[n-]2)CC1)NCCc1ccccc1', 'O=C(CCC1CCN(C(=O)COc2ccccc2)CC1)N1CCCC2(C1)OCCO2', 'O=C([O-])c1ccc(Oc2ccnc(-c3ccncc3)n2)cc1', 'O=C(c1cc(-c2cccnc2)ccn1)N(CCc1ccccc1)c1ccccc1', 'O=C(OCc1ccccn1)c1ccc2ccccc2c1O', 'O=C(/C=C/c1ccc(OCc2ccccc2)cc1)N1CCOCC1', 'O=C([C@H]1CCCc2ccccc21)N1CCc2[nH]ncc2C1', 'O=C(NCc1nnc2ccccn12)N1CCCC[C@H]1CCc1ccccc1', 'O=C(COc1ccc2c(c1)-c1ccccc1-3)NCC(=O)NC[C@@H]1CCCCO1', 'O=C([O-])c1ccc(OCC(=O)N2CCC[C@H]2[C@@H]2CCCC[NH2+]2)cc1', 'O=C(c1cccnc1)[C@H]1CCCN(c2ncnc([O-])[nH+]2)C1', 'O=C(OCC(=O)N1CCCCC1)c1ccc(-c2ccccc2)cc1', 'O=C(/C=C(/N)c1ccc([N+](=O)[O-])cc1)NC(C1CC1)C1CC1', 'O=C([C@H]1COCC[C@@H]1C(=O)[O-])[NH2+]Cc1ccccc1', 'O=C(Nc1ccc(N2CCCNC2=O)cc1)[NH+]1CCC2(CCOCC2)CC1', 'O=C(Cn1cnc2ccccc2c1=O)N1CCC[C@@H]2CCC[C@@H]21', 'O=C([O-])c1ccc(CN2C(=O)CC[C@@H]2Cc2ccccc2)cc1', 'O=C(c1ccco1)Oc1ccc(Oc2ccc(N3CCOCC3)cc2)cc1', 'O=C(Oc1ccc2c(-c3ccccc3)ccnc21)c1ccncc1', 'O=C(/C=C/c1ccc([N+](=O)[O-])cc1)N1CCC[C@H](C(N)=O)C1', 'O=C([C@H]1CCCN(C(=O)[C@@H]2C[C@H]3CC[C@@H]2C3)C1)N1CCCC1'] 
2023-10-23 00:41:56,354 : INFO : Valid SMILES ratio: 0.6190476190476191 
2023-10-23 00:41:56,354 : INFO : Number of valid SMILES: 135 
2023-10-23 00:41:56,354 : INFO : state position: ['<bos>', 'N', '[C@@H]', '(', 'N'] 
2023-10-23 00:41:57,552 : INFO : new compound ['N[C@@H](NC(C)=O)[C@@H]1C[C@@H]1c1ccc2c(c1)OCCCO2', 'N[C@@H](Nc1cc(C(=O)[O-])ccn1)C1CCOCC1', 'N[C@@H](N1CCCC1=O)C1CC1', 'N[C@@H](N[C@@H]1CCC[C@H](C)C1)c1nnc2n1CCCCC2', 'N[C@@H](N[C@H]1CCc2ccccc21)C(=O)NCc1ccco1', 'N[C@@H](NC1C(=O)CCC1=O)c1ccccc1', 'N[C@@H](Nc1cccc(OCc2cncnc2)c1)C1(O)CCCC1', 'N[C@@H](N1CCc2ccccc21)C(=O)NCCC1CCCCC1', 'N[C@@H](N[C@@H]1C[C@@H]1C#N)C(=O)[O-]', 'N[C@@H](N[C@H]1CC[C@H]([NH+](C)C)C1)c1ccccc1', 'N[C@@H](NC(=O)N1CCCC1)C(=O)N1CCOCC12CCCCCC2', 'N[C@@H](Nc1ccc2c(c1)OCCO2)[C@@H]1C[NH+](C)CCN1C=O', 'N[C@@H](N1CCCN(c2ccccc2)CC1)c1ccccc1', 'N[C@@H](N[C@@H]1CCN(c2ccccc2)C1=O)c1ccccc1[N+](=O)[O-]', 'N[C@@H](N[C@H]1CCC[NH2+]C1)c1ccc(-c2cccnc2)cc1'] 
2023-10-23 00:41:57,594 : INFO : Valid SMILES ratio: 0.4 
2023-10-23 00:41:57,594 : INFO : Number of valid SMILES: 141 
2023-10-23 00:41:57,595 : INFO : state position: ['<bos>', 'C', '=', 'C'] 
2023-10-23 00:41:59,851 : INFO : new compound ['C=CCN(Cc1nc2ccccc2o1)C(=O)CC(C)(C)C', 'C=C(C)CN(CC)C(=O)[C@@H]1CC[C@@H]2CCCC[C@@H]2[NH2+]1', 'C=C1C(=O)O[C@@H]2[C@@H]1[C@@H](O)C[C@@H]2[C@@H]1CCCC[C@@H]1OC1CCOCC1', 'C=C[C@@H](C)NC(=O)N1CCOCC1', 'C=C[C@H](C)NC(=O)CNC(=O)OC(C)(C)C', 'C=Cc1ccccc1C(=O)Nc1ccc([N+](=O)[O-])cc1', 'C=C[C@]1(O)CC(C)(C)CO1', 'C=CCc1cc(/C=C(/C#N)C(=O)[O-])ccc1O', 'C=C(C)COc1ccc(NC2CCN(C(C)=O)CC2)cc1', 'C=C1CC(C)(C)c2cc3c(cc2N1CC(=O)c1c(C)nn4c1CCCO3)CCC2', 'C=C[C@@H]1CCCC2=C1[C@@H](C)c(=O)n2c(C)cccc1[n+]12', 'C=C[C@H]1CCCN1c1nc2ccc([N+](=O)[O-])cc2c(=O)c1OC', 'C=Cc1ccc(OC(=O)c2ccc(C(C)C)cc2)cc1', 'C=C[C@](C)(OC)C(=O)N/N=C/c1c(OC)cccc1OCC', 'C=CCN1C(=O)/C(=N\\NC(=O)c2ccc(CC)cc2)=C[C@@H]2C=C[C@H]12', 'C=C(C)COC(=O)CCn1c(-c2cc(C)ccc2N)nn(C)c1=O', 'C=C1c2ccccc2C(=O)N1[C@@H](C(=O)[O-])c1cccc(C)c1', 'C=C[C@@H](C#N)COc1ccc(CO)cc1', 'C=C[C@H]1CN(C(=O)[C@@H](C)Nc2cc(C)ccc2C)CC1', 'C=Cc1ccc(O)c(NC(=O)CN(C)C(=O)c2ccc([C@H]3N=C(C)CC3=O)cc2)c1', 'C=C[C@](C)([NH3+])[C@@H]1CCCO[C@@H]1c1ccc(OC)cc1'] 
2023-10-23 00:41:59,899 : INFO : Valid SMILES ratio: 0.6190476190476191 
2023-10-23 00:41:59,899 : INFO : Number of valid SMILES: 154 
2023-10-23 00:41:59,900 : INFO : state position: ['<bos>', 'N', 'c', '1', 'n'] 
2023-10-23 00:42:00,679 : INFO : new compound ['Nc1ncccc1CN1CCc2ccccc21', 'Nc1nnc2n1CCN2CCCCC(C)C', 'Nc1nonc1NC(=O)CCc1c[nH]c2ccccc12', 'Nc1n[nH]c(-c2ccc([N+](=O)[O-])o2)n1', 'Nc1nc(N2CCCCC2)cc(N2CC[C@@H](O)C2)n1', 'Nc1nnc2ccccn12', 'Nc1noc(C(=O)O[C@H]2CCOC3(CCC3)C2)n1', 'Nc1n[nH]c(=O)n(CCNC(=O)c2cccc3[nH]ccc23)c1=O', 'Nc1nc2ncnc3ncnn13', 'Nc1nnc([C@H]2CN(Cc3cc(-c4cccnc4)[nH]n3)CCO2)o1', 'Nc1nonc1-c1ccc(CO)o1', 'Nc1n[nH]c2ccc(NC(=O)c3ccccc3O)cc12'] 
2023-10-23 00:42:00,711 : INFO : Valid SMILES ratio: 0.8333333333333334 
2023-10-23 00:42:00,711 : INFO : Number of valid SMILES: 164 
2023-10-23 00:42:00,712 : INFO : state position: ['<bos>', 'O', '[C@@H]', '(', 'c'] 
2023-10-23 00:42:01,051 : INFO : new compound ['O[C@@H](c1ccc2c(c1)COC2)[C@@H]1CCCO1', 'O[C@@H](c1ccccc1)[C@H]1CCC[NH+](C2CCN(C(=O)CO)CC2)C1', 'O[C@@H](c1ccc2ncccc2c1)C1CN(C(=O)[C@H]2Cc3ccccc3O2)C1'] 
2023-10-23 00:42:01,061 : INFO : Valid SMILES ratio: 0.6666666666666666 
2023-10-23 00:42:01,061 : INFO : Number of valid SMILES: 166 
2023-10-23 00:42:01,061 : INFO : state position: ['<bos>', 'O', '[C@H]', '(', '[C@H]'] 
2023-10-23 00:42:01,338 : INFO : new compound ['O[C@H]([C@H]1CCCCO1)[C@H]1CCOC2(CCOCC2)C1', 'O[C@H]([C@H]1C[C@H]2CC[C@H]1C2)N1CCC(O)([C@@]2(O)CCc3ccccc32)CC1', 'O[C@H]([C@H]1CCC[C@H]1n1ccnn1)C(=O)[O-]'] 
2023-10-23 00:42:01,347 : INFO : state position: ['<bos>', 'C', '[C@H]', '1'] 
2023-10-23 00:42:02,856 : INFO : new compound ['C[C@H]1Cc2ccccc2N1CCNC(=O)N1CCC[C@H](O)C1', 'C[C@H]1OCC[C@@H]1C(=O)N1CCC(CCc2ccccc2)CC1', 'C[C@H]1[NH2+]CC[C@@H]1c1nc(-c2ccc3c(c2)CCC[NH2+]3)n[nH]1', 'C[C@H]1[C@@H](C(=O)[O-])CC[NH+]1CC1=Cc2ccccc2OC1', 'C[C@H]1[C@H](C)C(=O)NC1=O', 'C[C@H]1c2ccccc2CN1C(=O)CN1CCO[C@H](c2ccccc2)C1', 'C[C@H]1C[C@]12CCc3[nH]c(=O)ccc1c3C2', 'C[C@H]1OCC[C@@H]1C#N', 'C[C@H]1[NH2+]CCC[C@@H]1C(=O)NCc1cc[nH+]c(N(C)C)c1', 'C[C@H]1[C@@H](C(=O)[O-])CCN1C(=O)CC[NH+]1CCCCC1', 'C[C@H]1[C@H]2CC[C@@H](C2)N(c2cc(Nc3ncccn3)cc[nH+]2)C1', 'C[C@H]1c2cc3c(cc2OC[C@]24N=[NH+]C1(c2ccoc2)C3)O[C@@H]1C', 'C[C@H]1CN(C(=O)C2CCCCC2)CCO1', 'C[C@H]1OCC[C@H]1C(=O)NCCC1(c2ccccc2)CCOCC1', 'C[C@H]1[NH2+]CC[C@H]1C(=O)N1CCCCC1', 'C[C@H]1[C@@H](C(=O)[O-])CC[NH+]1[C@@H](C)C(=O)Nc1ccccc1', 'C[C@H]1[C@H](c2ccccc2)N(CC)C(=O)N1CCC(=O)OC(C)(C)C', 'C[C@H]1c2cccn2CCN1C(=O)c1cccc(-n2cncn2)c1'] 
2023-10-23 00:42:02,902 : INFO : Valid SMILES ratio: 0.4444444444444444 
2023-10-23 00:42:02,902 : INFO : Number of valid SMILES: 174 
2023-10-23 00:42:02,903 : INFO : state position: ['<bos>', 'O', 'C', '1'] 
2023-10-23 00:42:05,074 : INFO : new compound ['OC1(C2C[C@H](Cc2cccc3cccnc32)C2)CCC1', 'OC1CCC(Oc2ccc(C[NH2+]C3CC3)nc2)CC1', 'OC1c2ccccc2-c2cc3c(cc21)C1(CCO1)C[NH+]1CCCC[C@@H]2C1', 'OC12C[C@H](O)[C@@H](C1)CO2', 'OC1=NC2=NC=N[C@H]2C(=O)N1', 'OC1[C@H]2CC[C@H]1CN(C(=O)CCc1cccc3cccnc12)CC2', 'OC1N=[NH+]C[C@@H]1c1ccccc1', 'OC1[C@@H](C2CC2)C[NH+]2CCN(CCCc3ccccc3)C[C@H]12', 'OC1(/C=C/c2ccccc2)CCC[C@@H]([NH+]2CCCCCC2)C1', 'OC1CCC(C[NH3+])O[C@@H]2CCCC[C@H]21', 'OC1c2ccccc2C[C@@H]1[NH+]1CCC[C@H](NC(=O)Nc2ccccc2)C1', 'OC12CC3C[C@H]([C@@H]1CCO[C@@H]13)CC3(CCCC1)C2', 'OC1=Cc2ccccc2Oc2ccccc21', 'OC1[C@H](C2CCN(C[C@@H]3CCCO3)CC2)[C@H](C[NH+]2CC[C@H](C(N)=O)C2)C[C@H]1Cc1ccccc1', 'OC1NC[NH2+]C[C@@H]1CC(C1)c1ccccc1', 'OC1[C@@H](C[NH+]2CCCC2)CCN2CCO[C@H](CO)C1', 'OC1(C[NH2+]C[C@]2(C)CCCc3ccccc32)CCCC1', 'OC1CN2CCn3nc(CNC(=O)c4ccc5c(c4)OCO6)cc2C1', 'OC1c2ccccc2-c2nc([C@@H]3CCC[NH2+]C3)nc3nc(-c4ccccc4)nc3c12', 'OC12CC3C[C@](Cc4ccccc14)[C@@H]3CC[C@@H]2O', 'OC1=C([N+]2=CCCC2)[C@H](c2ccccc2)C2(CC[NH+](CC3CC3)CC2)N=N1', 'OC1[C@H]2CC[C@@H]1C[NH2+]CC(C1CC1)CC2', 'OC1N=NC2C=C(c3ccco3)C[C@H]12', 'OC1[C@@H]2CCCC[C@@H]1CC[C@@H]2[C@H]1CC2=[NH+]O[C@@H]([O-])[C@H]21'] 
2023-10-23 00:42:05,127 : INFO : Valid SMILES ratio: 0.041666666666666664 
2023-10-23 00:42:05,127 : INFO : Number of valid SMILES: 175 
2023-10-23 00:42:05,127 : INFO : state position: ['<bos>', 'C', '#', 'C'] 
2023-10-23 00:42:06,335 : INFO : new compound ['C#CCN1CCN(C(=O)c2cnn(Cc3ccc(OC)cc3)c2)CC1', 'C#Cc1ccc(OC(=O)[C@@H]2CCO[C@@H]2C)cc1', 'C#C[C@@H]1C[C@H](C)CC1', 'C#C[C@@]1(O)CC[C@H]2[C@H]3C[C@@H](C(=O)[O-])C[C@]4(C)C1=O', 'C#C[C@H](OC(=O)Cn1nnc2ccccc2c1=O)c1ccccc1', 'C#CCC[C@@H](O)CC(C)(C)O', 'C#Cc1cccc(CC(=O)N2CCO[C@H](C#N)C2)c1', 'C#C[C@@H](OC(=O)c1cccc2ccccc12)C1CCOCC1', 'C#C[C@@]1(O)CC[C@H](O)C[C@H]1C', 'C#C[C@H]([O-])n1cncn1', 'C#CCOc1ccc(CCNC(=O)N[C@H]2CCC[C@@H](C)[C@H]2C)cc1', 'C#Cc1cccc(NC(=O)CC(C)(C)C)c1', 'C#C[C@@H](OC(=O)c1cc(N)nc2ccccc2c1=O)C(C)C', 'C#C[C@@]1(O)CC[C@@H]([NH2+]Cc2ccc4c(c2)NC(=O)CO3)[C@]12CCC[C@H]1CC2', 'C#C[C@H](OCc1ccccn1)[C@@H](C)c1ccco1'] 
2023-10-23 00:42:06,369 : INFO : Valid SMILES ratio: 0.4666666666666667 
2023-10-23 00:42:06,369 : INFO : Number of valid SMILES: 182 
2023-10-23 00:42:06,369 : INFO : state position: ['<bos>', 'O', '[C@@H]', '(', '[C@@H]'] 
2023-10-23 00:42:06,605 : INFO : new compound ['O[C@@H]([C@@H]1CCCO1)c1ccc(-n2ccnn2)cc1', 'O[C@@H]([C@@H]1CCc2[nH+]c(CN3CCOCC3)noc21)c1ccco1', 'O[C@@H]([C@@H]1CCOC2(CCC2)C1)c1ccccc1'] 
2023-10-23 00:42:06,611 : INFO : Valid SMILES ratio: 0.3333333333333333 
2023-10-23 00:42:06,611 : INFO : Number of valid SMILES: 183 
2023-10-23 00:42:06,611 : INFO : state position: ['<bos>', 'O', '[C@@H]', '(', 'N'] 
2023-10-23 00:42:08,453 : INFO : new compound ['O[C@@H](NC(=O)c1ccccc1C(=O)[O-]', 'O[C@@H](Nc1ccc(C(=O)N2CCOCC2)cc1)c1ccc(O)cc1', 'O[C@@H](N[C@@H]1CCC[NH+](Cc2ccccc2)C1)C12CC3CC(CC(C3)C1)C2', 'O[C@@H](N[C@H]1CCOc2ccccc21)c1ccc([N+](=O)[O-])cc1', 'O[C@@H](N1CCCCCC1=O)C1CC1', 'O[C@@H](NNC(=O)c1cccc([N+](=O)[O-])c1)c1ccccc1', 'O[C@@H](N/N=C/c1ccccc1C(=O)[O-])c1ccccc1', 'O[C@@H](NCc1ccno1)C12CC3CC(CC(C3)C1)C2', 'O[C@@H](Nc1nccc(-c2ccccc2)n1)c1ccc(-n2ccnc2)nc1', 'O[C@@H](N[C@@H]1CCOc2ccc(O)cc21)c1cccc([N+](=O)[O-])c1', 'O[C@@H](N[C@H]1CCCC[C@@H]1OC1CCCC1', 'O[C@@H](N1CCO[C@@H]1C1CCCCC1)c1ccoc1', 'O[C@@H](NNc1cccc([N+](=O)[O-])c1)c1ccccn1', 'O[C@@H](N/c1nnnn1C1CCCCC1)c1ccc(O)cc1', 'O[C@@H](NCc1cccnc1-n1cccn1)[C@@H]1CCCO1', 'O[C@@H](Nc1ccc(COc2ccccc2)cc1)C1CC1', 'O[C@@H](N[C@@H]1CCCc2ccccc21)c1nc2ccccc2[nH]1', 'O[C@@H](N[C@H]1CCCc2cccnc21)[C@H]1CCCO1', 'O[C@@H](N1[C@H]1C[C@@H]1c1ccccc1)c1ccc[nH]1', 'O[C@@H](NN1C(=O)[C@@H]2[C@H]3CCC[C@H]32CC1)C(=O)N1CCCCCC1', 'O[C@@H](N/C=C/c1cccc([N+](=O)[O-])c1)[C@H]1CCC[NH+]1CC1CC1'] 
2023-10-23 00:42:08,508 : INFO : Valid SMILES ratio: 0.5238095238095238 
2023-10-23 00:42:08,509 : INFO : Number of valid SMILES: 194 
2023-10-23 00:42:08,509 : INFO : state position: ['<bos>', 'C', 'c', '1'] 
2023-10-23 00:42:09,849 : INFO : new compound ['Cc1ccc(O[C@@H](C)C(=O)N[C@H](C)c2ccc3ccccc3c2)cc1', 'Cc1nc(C)n(C[C@@H]2CCC[C@@H]2O)n1', 'Cc1[nH]c2ccccc2c1/C=C1\\C(=O)N=C([O-])OC1(CC)CCCOCC1', 'Cc1onc(-c2ccccc2)c1C(=O)OCC1CC[NH2+]CC1', 'Cc1ccc(-c2cc(C(=O)N[C@@H]3CC[C@H]([NH+](C)C)C3)nn2C)cc1', 'Cc1n[nH+]c(C[C@H]2C[C@@H]2c2cc(-c3ccccc3)[nH]c2-n2ccnc2)o1', 'Cc1[nH]c2ccccc2c1CC(=O)NCC[C@@H](C)c1ccncc1', 'Cc1ocnc1CNCc1[nH+]c[nH]c1-c1ccccc1', 'Cc1cnn(-c2ccc(=O)n3ncnc23)c1', 'Cc1nc([C@H]2CCCN(C(=O)C3c4ccccc4O[C@@H]3C)C2)nc(C)[nH+]1', 'Cc1[nH]nc([C@@H]2CCCCC[NH+]2C(=O)Cc2ccccc2)c1C', 'Cc1oc(C)cc1C(=O)NNC(=O)c1ccc(-c2ccccc2)cc1'] 
2023-10-23 00:42:09,881 : INFO : Valid SMILES ratio: 0.4166666666666667 
2023-10-23 00:42:09,882 : INFO : Number of valid SMILES: 199 
2023-10-23 00:42:09,882 : INFO : state position: ['<bos>', 'N', 'N', '[C@@]'] 
2023-10-23 00:42:10,111 : INFO : new compound ['NN[C@@]1(C#N)COC[C@@H]1C(=O)[O-]', 'NN[C@@]1(C#N)CCC[C@H]1CC[NH+](Cc1ccccc1)[C@@H]1CCCc2ccccc21', 'NN[C@@]1(C(=O)[O-])CCc2ccccc21'] 
2023-10-23 00:42:10,119 : INFO : state position: ['<bos>', 'C', '/', 'C'] 
2023-10-23 00:42:11,992 : INFO : new compound ['C/C(=C\\c1ccc(O)cc1)O[C@@H](C)c1nnnn1C1CC1', 'C/C=C/CN(C)C(=O)NC[C@H]1CN2CCCC[C@@H]2CO1', 'C/CCC(=O)NCc1ccc(OC(=O)c2ccncc2)cc1', 'C/CN(C)C(=O)c1cc(C2CC2)n(-c2ccccc2[N+](=O)[O-])n1', 'C/C1=C/C[C@H](c2cc(O)c(C)cc2)C(C)(C)C1', 'C/Cc1nc2cc(NC(=O)c3ccccc3O)ccc2n1[C@@H]1CCCCO1', 'C/C(=N\\NC(=O)CO/N=C(/O)c1ccccc1)c1ccncc1', 'C/C=C(/C)C(=O)N[C@@H](CO)C(C)C', 'C/CCC(=O)Nc1ccc(C)c(NC(=O)[C@H]2c3ccccc3C=CC2=O)c1', 'C/CN(Cc1ncccc1C)C(=O)Nc1ccnn1C(C)C', 'C/C1=C/[C@@H]2C[C@H]3CC[C@@H]1[C@H]1C[C@H]1C(=O)N2C[C@H]1CNC(=O)CC1', 'C/Cc1ccc(NC(=O)c2cc(C3CC3)c3c(O)n[nH]c2C3)cc1', 'C/C(=C\\[C@@H](O)C[NH2+]CC1CC1)N1CCC[C@H]1C', 'C/C=C/C(=O)N1CCC[C@H](C(=O)N2CCC[C@H]2c2ccccc2)C1', 'C/CCC(=O)OC(C)(C)C', 'C/CNc1nc(-c2ccccc2)nc2c1CCN(C(=O)[C@H]1CCCO1)C2', 'C/C1=C/C[C@H]2[NH3+]C[C@H]3[C@H]4CCCC[C@@H]4[C@@H]3C[C@H]12', 'C/Cc1ccccn1'] 
2023-10-23 00:42:12,036 : INFO : Valid SMILES ratio: 0.7222222222222222 
2023-10-23 00:42:12,036 : INFO : Number of valid SMILES: 212 
2023-10-23 00:42:12,036 : INFO : state position: ['<bos>', 'O', 'C', '[C@H]'] 
2023-10-23 00:42:12,254 : INFO : new compound ['OC[C@H]1O[C@@H](O)[C@@H]2OC(C)[C@@H](O)[C@H](O)[C@@H]2O1', 'OC[C@H]1CCCCC[C@@H]1[NH2+][C@@H]1CCOc2ccccc21', 'OC[C@H]1CCCN(C(=O)N[C@H]2CCOc3ccccc32)C1'] 
2023-10-23 00:42:12,262 : INFO : Valid SMILES ratio: 0.3333333333333333 
2023-10-23 00:42:12,262 : INFO : Number of valid SMILES: 213 
2023-10-23 00:42:12,263 : INFO : state position: ['<bos>', 'O', 'C', '1', 'C'] 
2023-10-23 00:42:13,895 : INFO : new compound ['OC1CCC([C@@H]2COC[C@H]2O)CC1', 'OC1CN(C(=O)[C@@H]2OCC[C@H]2C)C1(C)C', 'OC1C[C@H](C2CC2)CC(C#N)(NCCCn2nc(C3CC3)cc2)C1', 'OC1C[C@@H](C2CC2)C[C@@H]1C[NH2+]Cc1cccnc1', 'OC1C[NH+]2CCNC(=O)C[C@@H]2C1', 'OC1CO[C@](C)(c2ccc(N(CC(=O)[O-])c3ccccc3)nn2)C1', 'OC1C[NH2+]CC[C@@]12CCOc3ccccc31', 'OC1Cc2ccc(OCC[NH+](C)C)cc2N1CCOC1CCCC1', 'OC1CCC([NH2+]CCc2ccccc2)CC1', 'OC1CN(C(=O)C2=Cc3ccccc3OC2)C1', 'OC1C[C@H]2CC[C@@H](C[NH+]1CCCc3ccccc31)N2', 'OC1C[C@@H]2CC[C@@H](C1)[NH2+]2', 'OC1C[NH+](C(C)(C)Cn2nc3ccccc3c2NC)C1', 'OC1CO[C@]2(O)C[C@H]1OC[C@@H](c1ccccc1)N2', 'OC1C[NH2+]CC(CCCC2CC2)O1', 'OC1Cc2ccccc2C1', 'OC1CC[C@@]([NH2+]C2CC2)CC1', 'OC1CN(CCn2c[nH+]c3c(C(=O)N2Cc4ccccc4)oc3c2)C1', 'OC1C[C@H](C[NH2+]Cc2ccco2)CC(C)(C)O1', 'OC1C[C@@H]2c3ccccc3CCN3[C@@H]1C(C#N)=C(C#N)C1=CN=NC1=C2', 'OC1C[NH+](CC2(O)CCCCCCC2)CN1', 'OC1COC2(CC[NH2+]CC2)CN1CC(=O)N1CCCC1', 'OC1C[NH2+]C[C@@H](CC[NH+]2CCC(C(=O)[O-])CC2)C1', 'OC1Cc2cccc(-c3ccco3)c2O1'] 
2023-10-23 00:42:13,947 : INFO : Valid SMILES ratio: 0.16666666666666666 
2023-10-23 00:42:13,947 : INFO : Number of valid SMILES: 217 
2023-10-23 00:42:13,947 : INFO : state position: ['<bos>', 'N', '[C@@H]', '(', 'c'] 
2023-10-23 00:42:14,312 : INFO : new compound ['N[C@@H](c1nc(-c2ccnc(-n3nc(Cc5ccccc4)cc3)co2)nn1)C(=O)N1CCCC1', 'N[C@@H](c1ccccc1O)C1CC[NH+](C)CC1', 'N[C@@H](c1cncc(N2CCOCC2)o1)[C@H]1CCCO1'] 
2023-10-23 00:42:14,315 : INFO : state position: ['<bos>', 'C', 'O', 'c'] 
2023-10-23 00:42:14,717 : INFO : new compound ['COc1cccc(-c2cc(C[NH+]3CCN(C(=O)c4ccoc4)CC3)no2)c1', 'COc1ccccc1CC(=O)N1CC(=O)N(C[C@@H]2CCCO2)CC1=O', 'COc1cccc([C@@H]2O[C@@]23C=C[C@H](Cc4ccccc4)[C@@H]32)c1'] 
2023-10-23 00:42:14,724 : INFO : Valid SMILES ratio: 0.6666666666666666 
2023-10-23 00:42:14,725 : INFO : Number of valid SMILES: 219 
2023-10-23 00:42:14,725 : INFO : state position: ['<bos>', 'C', 'c', '1', 'c'] 
2023-10-23 00:42:15,883 : INFO : new compound ['Cc1cccc(C(=O)NC[C@@H](C#N)C[C@H](C)O)n1', 'Cc1c([N+](=O)[O-])cnc2c1c(=O)n(C)c1nc3ccccc3n12', 'Cc1cncc(NC(=O)[C@@H](Cc2c[nH]c3ccccc23)NC(=O)N2CCCCC2)c1', 'Cc1cccc2cc(CC(=O)NCc3nnc(C)o3)c(=O)[nH]c12', 'Cc1c(C(=O)c2nnc(Cc3ccccc3)o2)cccc1[N+](=O)[O-]', 'Cc1cnn(C[C@@H]2CCCN(C(=O)Cc3coc4ccccc34)C2)c1', 'Cc1cc(C(=O)NCCCN2CC[NH+](C)CC2)c(C)n1Cc1ccco1', 'Cc1c(C[NH2+][C@H]2CCC[C@@H](C)[C@@H]2C)ccc2c3c(c(=O)oc1=O)O[C@H](C)C3', 'Cc1cnn(CC(=O)N[C@@H](C)C[NH+]2CCCCC2)c1'] 
2023-10-23 00:42:15,909 : INFO : Valid SMILES ratio: 0.7777777777777778 
2023-10-23 00:42:15,909 : INFO : Number of valid SMILES: 226 
2023-10-23 00:42:15,910 : INFO : state position: ['<bos>', 'O', '[C@H]', '(', 'C'] 
2023-10-23 00:42:18,448 : INFO : new compound ['O[C@H](C[NH2+][C@H]1/C=C(c2ccccc2)cc1ccccc1OO', 'O[C@H](C[NH+]1CCCC1)CC1CCCCC1', 'O[C@H](CNc1ccc(Oc2cccnc2)nn1)C12CC3CC(CC(C3)C1)C2', 'O[C@H](C[C@H]1CCC[NH2+]1)c1ccc(C#N)cc1', 'O[C@H](CCc1ccccc1)Cn1cnnc1', 'O[C@H](CO)c1cc2c(nc1N[C@H]1CCOC3(CCCCC1)CC1CC3)CCO', 'O[C@H](C[C@@H]1CCC[NH+](Cc2ccccc2)C1)Cc1c[nH]c2ccccc12', 'O[C@H](Cc1ccccc1)C(=O)N[C@H]1CCCc2ccccc21', 'O[C@H](Cn1cnc2c1c(nc3n1-c2ccccc31)C[C@H](C)CO1', 'O[C@H](C1=C([O-])CCCC1)Nc1ccccc1O', 'O[C@H](C(=O)[O-])C1CC(C)(C)C1', 'O[C@H](C[NH2+]C1Cc2ccccc2C1)[C@H]1CCOC1', 'O[C@H](C[NH+]1CCCCC1)N1CC[C@H]([NH+]2CCCC2)C1', 'O[C@H](CN1CC[NH+]2CCC[C@@H]2C1)OC[C@@H]1COCCO1', 'O[C@H](C[C@H]1CCCc2cccnc21)(O)Cc1ccccc1', 'O[C@H](CC[C@@H]1Oc2ccccc2O1)C1(C)CC1', 'O[C@H](COc1cnc(-c2ccccc2)nc1)C1CC1', 'O[C@H](C[C@@H]1CCC[NH2+]11CCOCCO1', 'O[C@H](Cc1ccccc1)[C@@H]1CCC[NH+](C2CCCC2)C1', 'O[C@H](Cn1cncn1)c1ccc2ccccc2c1', 'O[C@H](C1c2ccccc2C[C@H]2O)C1(C)C', 'O[C@H](C(=O)O[C@@H]1CCCc2ccccc21)c1ccc2c(c1)CCC2', 'O[C@H](C[NH2+]Cc1ccco1)C1CC1', 'O[C@H](C[NH+]1CCC[C@H]1CO)c1ccc2ccccc2c1', 'O[C@H](CN1CCCCC1)C(=O)N[C@H]1CCc2c(O)cccc21', 'O[C@H](C[C@H]1CCC[NH+]1C1CCCC1)[C@@H]1CCCO1', 'O[C@H](CC[C@@H]1CCCO1)[NH2+]C1CCCCCC1', 'O[C@H](COc1ccccc1)CC1CCCC1', 'O[C@H](C[C@@H]1CCC[NH2+]C1)c1ccc(Oc2ccccc2)cc1', 'O[C@H](Cc1ccccc1)[C@H]1C(=O)c2ccccc2C1=O', 'O[C@H](Cn1cccn1)Cn1cc[nH+]c1-c1ccccc1', 'O[C@H](C1CCN(c2cc(-n3cccc3)ncn2)CC1)c1ccco1', 'O[C@H](C(=O)Nc1c(Cc2ccccc2)cccc1O)c1ccccc1'] 
2023-10-23 00:42:18,525 : INFO : Valid SMILES ratio: 0.3333333333333333 
2023-10-23 00:42:18,525 : INFO : Number of valid SMILES: 237 
2023-10-23 00:42:18,526 : INFO : state position: ['<bos>', 'C', '#', 'C', '[C@@H]'] 
2023-10-23 00:42:18,849 : INFO : new compound ['C#C[C@@H](NC(=O)C(=O)NCc1ccco1)C(=O)NC[C@H]1CCCO1', 'C#C[C@@H](OC(=O)[C@@](C)(CO)C1CC1)c1ccco1', 'C#C[C@@H](OC(=O)c1nc(C(C)(C)C)nn1C)[C@@H](C)OC'] 
2023-10-23 00:42:18,857 : INFO : state position: ['<bos>', 'N', '[C@@H]', '(', 'C'] 
2023-10-23 00:42:21,258 : INFO : new compound ['N[C@@H](Cc1cccc(O)c1)c1nc(C(=O)[O-])[nH]n1', 'N[C@@H](COc1ccccc1)[C@@H]1CCOc2ccccc21', 'N[C@@H](C[NH3+])C[C@@H]1C[NH+]2CCN1CC2', 'N[C@@H](C[NH+]1CCCCCC1)c1nc(-c2ccccc2)no1', 'N[C@@H](C(=O)Nc1ccncc1)c1ccco1', 'N[C@@H](CN1CC[NH+](C2CCCC2)CC1)c1ccccc1', 'N[C@@H](CC[NH+]1CCCCCC1)c1cccc(C#N)c1', 'N[C@@H](Cn1c([N+](=O)[O-])cn1C)N1CCN(c2ccccc2)CC1', 'N[C@@H](C[NH2+][C@@H]1CCC[C@@H]1Cc1ccccc1)C1CCCCC1', 'N[C@@H](C1CCCCC1)C(=O)N1CCC[C@@H](c2ccccc2)C1', 'N[C@@H](C[C@H]1CCCCN1C(=O)OCCO)c1ccccc1', 'N[C@@H](Cc1ccccn1)C[NH+]1CCc2ccccc2C1', 'N[C@@H](COc1cccc2ccccc12)C(=O)[O-]', 'N[C@@H](C[NH3+])c1cc(-c2ccccc2)on1', 'N[C@@H](C[NH+]1CCCC1)c1ccc(C(C)(C)C)cc1', 'N[C@@H](C(=O)[O-])[C@@H]1CCc2ccccc21', 'N[C@@H](CN1CC[NH+](C)CC1)[C@@H](CO)c1ccccc1', 'N[C@@H](CCCc1ccccc1)C1=[NH+]CC2', 'N[C@@H](Cn1cc[nH+]c1)C(=O)[O-]', 'N[C@@H](C[NH2+]Cc1ccc(OC2CCCCC2)cc1)C1CC1', 'N[C@@H](C1CCOCC1)C(=O)Nc1ccc2c(c1)C(=O)N(C1CCCCC1)C2=O', 'N[C@@H](C[C@H]1CCC[NH+](C)C1)c1ccc(-n2cncn2)cc1', 'N[C@@H](Cc1c[nH+]ccc1N)C(=O)[O-]', 'N[C@@H](CO[C@@H]1COc2ccccc21)C(=O)[O-]', 'N[C@@H](C[NH3+])c1ccn(C)c1', 'N[C@@H](C[NH+](C)C)c1ccc(-n2cncn2)cc1', 'N[C@@H](C(=O)Nc1ccc(C#N)cc1)C(C)(C)C', 'N[C@@H](CN[C@@H]1CC[NH+](C)C1)c1ncnn1-c1ccccc1', 'N[C@@H](CCCCO)COc1ccc(C(N)=O)cc1', 'N[C@@H](Cn1cc[nH+]c1CNC(=O)c1ccccc1)C1CC1', 'N[C@@H](C[NH2+][C@@H]1CCc2ccccc21)C(N)=O', 'N[C@@H](C1=C(C)CCCC1)C(=O)Nc1ccc(C(=O)NC[C@@H]2CCCO2)cc1', 'N[C@@H](C[C@H]1CN(C)CCO1)C1CCCCC1'] 
2023-10-23 00:42:21,345 : INFO : Valid SMILES ratio: 0.3939393939393939 
2023-10-23 00:42:21,345 : INFO : Number of valid SMILES: 250 
2023-10-23 00:42:21,346 : INFO : state position: ['<bos>', 'O', 'C', '[C@]'] 
2023-10-23 00:42:21,491 : INFO : new compound ['OC[C@]1(O)CCOC2(CCOC2)C1', 'OC[C@]1([NH3+])CC1CCCCCCCCC(C)(C)C', 'OC[C@]1(CO[C@@H]2CCC[NH2+]C2)CCCOC1'] 
2023-10-23 00:42:21,498 : INFO : state position: ['<bos>', 'C', 'O', '[C@@H]'] 
2023-10-23 00:42:21,946 : INFO : new compound ['CO[C@@H](C)C(=O)N/N=C(/C)c1ccc(N2C(=O)c3ccc(C)c(C)c3C2=O)cc1', 'CO[C@@H](C)C(=O)N1C(=O)C[C@@H](c2ccccc2C)C[C@H]1n1nnn1', 'CO[C@@H](C)C(=O)Nc1cccc(C)c1C(=O)OC'] 
2023-10-23 00:42:21,953 : INFO : Valid SMILES ratio: 0.6666666666666666 
2023-10-23 00:42:21,953 : INFO : Number of valid SMILES: 252 
2023-10-23 00:42:21,953 : INFO : state position: ['<bos>', 'C', '[C@H]', '1', 'O'] 
2023-10-23 00:42:23,501 : INFO : new compound ['C[C@H]1OCC[C@H]1c1[nH]c([C@@H]2CCC[NH2+]C2)nc1N', 'C[C@H]1Oc2ccccc2O[C@H](C(=O)[O-])[C@@H]2c3ccccc3C(=O)N12', 'C[C@H]1O[C@@H]2CN(C(=O)c3ccnnc3)C[C@@H](C)N2C1=O', 'C[C@H]1O[C@H](C)CN(C(=O)c2cccc3c2OCCO3)[C@@H](C)C12CCCC2', 'C[C@H]1O[C@]2(c3ccc(COC(C)=O)cc3)C(=O)O2)c1', 'C[C@H]1OCC[C@@H]1C(=O)Nc1ccc(N2CCc3ccccc3C2)cc1', 'C[C@H]1Oc2ccccc2O[C@H]1C(=O)N[C@H]1CCc2ccccc21', 'C[C@H]1O[C@@H](C)[C@H]2CN(C(=O)COc3ccc4ccccc4c3)C[C@H]21', 'C[C@H]1O[C@H](c2ccc3ccccc3c2)NNc2nc(N)nc2[nH]1', 'C[C@H]1O[C@]2(CCCc3ccccc32)=C(C)N1C(=O)NCc1ccco1', 'C[C@H]1OCC[C@@H]1C(=O)N1CCOC[C@H]1C(=O)[O-]', 'C[C@H]1Oc2c(cccc2C(=O)Nc2cnn(C(C)(C)C)c2)[C@H](O)C1', 'C[C@H]1O[C@@H](C(C)(C)C)CC(=O)N1C[C@@H](O)C1CC1', 'C[C@H]1O[C@H]2[C@H](C)CC[C@H]1[C@@H]2N(N)=N/O', 'C[C@H]1O[C@]2(C)C[C@@H](O)CC[C@](C)(C2CC2)C1=O'] 
2023-10-23 00:42:23,535 : INFO : Valid SMILES ratio: 0.26666666666666666 
2023-10-23 00:42:23,536 : INFO : Number of valid SMILES: 256 
2023-10-23 00:42:23,536 : INFO : state position: ['<bos>', 'C', 'N', '('] 
2023-10-23 00:42:23,849 : INFO : new compound ['CN(C)C(=O)N1C[C@H](C(=O)OC(C)C)CC1=O', 'CN(C(=O)CN1[C@H](CC)c2ccccc2C1=O)c1ccccc1', 'CN(C(=O)N[C@H](c1ccccc1)c1ccco1)C1CCCCC1'] 
2023-10-23 00:42:23,859 : INFO : Valid SMILES ratio: 1.0 
2023-10-23 00:42:23,860 : INFO : Number of valid SMILES: 259 
2023-10-23 00:42:23,860 : INFO : state position: ['<bos>', 'O', '=', 'C', '(', 'c'] 
2023-10-23 00:42:24,174 : INFO : new compound ['O=C(c1ccccc1)c1ccc2ccccc2c1NCc1ccccc1', 'O=C(c1cc[nH]n1)N1CCC[C@H](N2CCNC2=O)C1', 'O=C(c1ccnn1Cc1ccco1)N1CC[C@H](Oc2cccnc2)C1'] 
2023-10-23 00:42:24,186 : INFO : Valid SMILES ratio: 0.6666666666666666 
2023-10-23 00:42:24,186 : INFO : Number of valid SMILES: 261 
2023-10-23 00:42:24,186 : INFO : state position: ['<bos>', 'C', 'O', 'C'] 
2023-10-23 00:42:26,233 : INFO : new compound ['COC(=O)[C@H](Cc1c[nH]c2ccccc12)N1CCOC1=O', 'COCCN1C[C@@H](c2nc(CC(C)C)no2)CC1=O', 'COCc1ccccc1NC(=O)N1C[C@H](C)O[C@@H](C)C1', 'COC[C@H](C)N1C(=O)[C@H]2CCCN(C(=O)C3(CC(C)C)CCCCC3)[C@@]2(C)C1=O', 'COC[C@@H](O)C[NH+]1CCC(NC(=O)c2cc(C)c(C)c(C)c2)CC1', 'COC1CC[NH+]([C@@H]2CCC[C@H]([NH3+])C2)CC1', 'COC(=O)[C@@]1([NH3+])CCC[C@@H](Cc2ccccc2)C1', 'COCCOc1ccc(CNC(=O)N(C)CCOC)cc1', 'COCc1cc(=O)n(-c2ccncc2)c(C)c1CC(=O)O[C@H](C)c1cnn(C)c1', 'COC[C@H](C)NC(=O)[C@@H](c1ccccc1)N1CCN(c2cccc[nH+]2)CC1', 'COC[C@@H](C)[NH+]1C[C@@H]2C[C@H](C1)C(=O)N(Cc1cccc(CO)c1)/C2=N\\NC(=O)c1ccccc1', 'COC1CC[NH+]([C@H](C[NH3+])CC(=O)[O-])CC1', 'COC(=O)c1cc(NC(=O)c2ccc(N3CCNC(=O)C3)o2)c(C)n1', 'COCC[NH+](C)[C@@H](C)[C@@H](C)C1CCOCC1', 'COCc1cc(NC(=O)C(=O)NCC2CCC2)no1', 'COC[C@H]1CCC[NH+](Cc2cc(C)[nH]c2N)C1', 'COC[C@@H](NC(=O)c1cc(C)cn1C)c1ccccc1[N+](=O)[O-]', 'COC1CCC([NH2+][C@@H](C)c2ccc(N3C[C@@H](C)O[C@H](C)C3)cc2)CC1'] 
2023-10-23 00:42:26,283 : INFO : Valid SMILES ratio: 0.3888888888888889 
2023-10-23 00:42:26,283 : INFO : Number of valid SMILES: 268 
2023-10-23 00:42:26,284 : INFO : state position: ['<bos>', 'O', '=', 'C', '(', '[C@H]'] 
2023-10-23 00:42:26,526 : INFO : new compound ['O=C([C@H]1CC=CCC1)N1CC[NH+](C2CC2)CC1', 'O=C([C@H]1C=C(c2ccccc21)NC[C@@H]1CN1CCOC1', 'O=C([C@H]1Cc2ccccc2CN1CN1CC[NH2+]CC1)C1CC1'] 
2023-10-23 00:42:26,533 : INFO : state position: ['<bos>', 'C', '[C@H]', '1', 'c'] 
2023-10-23 00:42:27,079 : INFO : new compound ['C[C@H]1c2ccccc2O[C@@H]([C@@H]2CCCN(C(=O)Nc3ccc4c(c3)OCCO4)C2)[C@H]1O', 'C[C@H]1c2ccccc2Oc2c(c3c([O-])n(CC(=O)N4CCCCCC4)c(=O)c(=O)[nH]c3=O)c(C)cn2C', 'C[C@H]1c2ccccc2C(C)(C)C[NH2+]1'] 
2023-10-23 00:42:27,086 : INFO : state position: ['<bos>', 'N', 'N', '1'] 
2023-10-23 00:42:29,490 : INFO : new compound ['NN1CCC(NC(=O)Nc2ccccc2-n2cc[nH+]c2)CC1', 'NN1N=C(C(C)C)CCC1=O', 'NN1c2ccccc2C2(CC[NH+](Cc3ccccc3)CC2)CN(Cc2ccco2)C1', 'NN1(C2N=NC=C2c2ccccc2)CC(C(C)(C)CO)=NN1', 'NN1[C@H]2CC[C@@H]1CC[NH+](Cc1ccc3ccccc3n1)C2', 'NN1[C@@H](C(=O)NC2(C#N)CCC2)C(=O)C[C@H]1c1ccccc1', 'NN1/C(=N/OC2CC2)c2ccccc21', 'NN1C(=O)CCCCCC1=O', 'NN1N=C(O)n2c1nc1c1ccc1c(N)n(CC(C)C)c(=O)c2c1', 'NN1c2ccccc2C[C@@H]1NC(=O)C12CC3CC(C1)CC(C(C)(C)C)(C1)CC[C@H]23', 'NN1(c2ccccc2)C(=O)N1c1ccc(-n2cncn2)cc1', 'NN1[C@H]1CC[NH+](Cc2ccccc2)C1', 'NN1[C@@H](C(=O)[O-])Oc2ccccc2NC1=O', 'NN1/C(=C(\\O)c2ccc(-c3ccccc3)cc2)CC(=O)N1c1ccc2c(c1)CCCC2', 'NN1CCO[C@H](c2ccc([N+](=O)[O-])c(N)c2)C1', 'NN1N=C(c2ccco2)C[C@H]1C(=O)c1ccc(C(C)(C)C)cc1', 'NN1c2ccccc2O[C@H]1C[NH+]1CC[C@@H](CNC(=O)OC(C)(C)C)C1', 'NN1(C(=O)c2ccccc2-c2ccccc2)C1=O', 'NN1[C@H]2CCCC[C@@H]1CCN(c1nccn(Cc3ccccc3)c1=O)C(=O)CCC2=O', 'NN1[C@@H]2CCCC[C@@H]2[C@@H]1c1ccc(OCc2ccccc2)cc1', 'NN1/C(=C\\c2ccc(Oc3ccccc3)cc2)CN1C(=O)OC(C)(C)C'] 
2023-10-23 00:42:29,536 : INFO : Valid SMILES ratio: 0.19047619047619047 
2023-10-23 00:42:29,536 : INFO : Number of valid SMILES: 272 
2023-10-23 00:42:29,537 : INFO : state position: ['<bos>', 'O', '[C@@H]', '(', '[C@H]'] 
2023-10-23 00:42:29,785 : INFO : new compound ['O[C@@H]([C@H]1CCOC(C)(C)C1)[C@@H]1CCC(=O)N1', 'O[C@@H]([C@H]1CCc2ccccc21)O1CCN2C(=O)CCC[C@H]2C1', 'O[C@@H]([C@H]1CCC[C@@H]1O)c1cn(Cc2ccccn2)nn1'] 
2023-10-23 00:42:29,791 : INFO : state position: ['<bos>', 'C', 'N', 'C'] 
2023-10-23 00:42:30,193 : INFO : new compound ['CNC(=O)[C@H]1CCCN(C(=O)c2cn(C[C@@H](C)O)c3ccccc23)C1', 'CNC(=O)c1nonc1NC(=O)c1nc(-c2cccc([N+](=O)[O-])c2)ccc1C', 'CNC(=O)C1CCN(C(=O)NCC(C)C)CC1'] 
2023-10-23 00:42:30,203 : INFO : Valid SMILES ratio: 0.6666666666666666 
2023-10-23 00:42:30,203 : INFO : Number of valid SMILES: 274 
2023-10-23 00:42:30,203 : INFO : state position: ['<bos>', 'N', 'c', '1', '[nH]'] 
2023-10-23 00:42:30,700 : INFO : new compound ['Nc1[nH]nc2c1C(=O)/C(=C/c1ccc(-n3cccn3)cc1)C2', 'Nc1[nH]c(-c2ccccc2)nc1-c1cn(-c2ccccc2)nn1', 'Nc1[nH]nc(-c2ccccn2)c1C', 'Nc1[nH]c(C(=O)N[C@H]2CC[NH+](C3CCCC3)C2)cc1C(=O)[O-]', 'Nc1[nH]n(-c2ccccc2)c(=O)c21O', 'Nc1[nH]c(-c2ccccc2)nc1=O'] 
2023-10-23 00:42:30,712 : INFO : Valid SMILES ratio: 0.5 
2023-10-23 00:42:30,712 : INFO : Number of valid SMILES: 277 
2023-10-23 00:42:30,713 : INFO : state position: ['<bos>', 'C', '#', 'C', '[C@H]'] 
2023-10-23 00:42:31,102 : INFO : new compound ['C#C[C@H](NC(=O)c1cccc2ccccc12)C(=O)NCc1ccco1', 'C#C[C@H](CNC(=O)/C=C/c1ccco1)NC(=O)C(C)(C)C', 'C#C[C@H](OC(=O)c1cc(-c2ccc(C)cc2)n[nH]1)c1ccccc1'] 
2023-10-23 00:42:31,112 : INFO : Valid SMILES ratio: 1.0 
2023-10-23 00:42:31,113 : INFO : Number of valid SMILES: 280 
2023-10-23 00:42:31,113 : INFO : state position: ['<bos>', 'N', 'c', '1', 'c'] 
2023-10-23 00:42:32,313 : INFO : new compound ['Nc1ccc(C(=O)N2CC(=O)Nc3ccccc32)cc1', 'Nc1c(C[NH+]2CC[C@@H](CN3CCCC3=O)CC2)c(C#N)cc[nH+]1', 'Nc1cnc2ncccc2c1', 'Nc1c[nH+]c(N2CCN(CC[NH+]3CCCCC3)CC2)nn1', 'Nc1ccc(N2CCC([NH+]3CCCC3)CC2)nn1', 'Nc1c(C(=O)Nc2ccc3c(c2)OC(C)(C)O3)ccc2c3c(cc12)CCC3', 'Nc1cnc(N2CCC[C@H](C(=O)NC3CCCC3)C2)cc1C(=O)[O-]', 'Nc1c[nH+]cnc1C[NH+]1CCCCCC1', 'Nc1ccc(C[NH2+]Cc2nccn2Cc2ccccc2)cc1', 'Nc1c(N2CCN(CCCC(=O)N3CCCCC3)CC2)ncnc1N1CCCC1', 'Nc1cnc2c(c1)c1c(c1)O/C(=C/c1ccccc1)C1=O', 'Nc1c[nH+]c(CC[NH+]2CCCC[C@H]2C2CCCCC2)n1-c1ccccc1'] 
2023-10-23 00:42:32,343 : INFO : Valid SMILES ratio: 0.4166666666666667 
2023-10-23 00:42:32,343 : INFO : Number of valid SMILES: 285 
2023-10-23 00:42:32,344 : INFO : state position: ['<bos>', 'C', '=', 'C', '[C@]'] 
2023-10-23 00:42:32,607 : INFO : new compound ['C=C[C@](C)(C#N)NC(=O)c1cnn(CC(N)=O)c1C', 'C=C[C@](C)([NH2+]CC)C(=O)N1C[C@H](C)O[C@H](C)C1', 'C=C[C@](O)(C(=O)OCC)N(C)Cc1ccccc1C'] 
2023-10-23 00:42:32,615 : INFO : Valid SMILES ratio: 0.3333333333333333 
2023-10-23 00:42:32,615 : INFO : Number of valid SMILES: 286 
2023-10-23 00:42:32,616 : INFO : state position: ['<bos>', 'C', 'c', '1', '[nH]'] 
2023-10-23 00:42:32,926 : INFO : new compound ['Cc1[nH]c2ccc(C(=O)NC3CC3)cc2c1C', 'Cc1[nH]c2ccccc2c1CN(C)C(=O)c1cn(C)nc1CO', 'Cc1[nH]c2ccc(C(=O)N3CCC[C@@H](Cn4cc[nH+]c4)CC3)cc2c1C'] 
2023-10-23 00:42:32,936 : INFO : Valid SMILES ratio: 0.6666666666666666 
2023-10-23 00:42:32,936 : INFO : Number of valid SMILES: 288 
2023-10-23 00:42:32,936 : INFO : state position: ['<bos>', 'O', '[C@H]', '(', 'N'] 
2023-10-23 00:42:34,754 : INFO : new compound ['O[C@H](NC(=O)c1ccncc1)C1CCCCC1', 'O[C@H](Nc1cccnc1-c1ccccc1)c1ccc(C(=O)N2CCOCC2)cc1', 'O[C@H](N[C@@H]1CC[NH+](C2CC2)C1)[C@@H]1CCCO1', 'O[C@H](N[C@H]1CCOc2ccccc21)C1CCCCCC1', 'O[C@H](N1CC[C@H]([NH+]2CCCC2)C1)c1ccoc1', 'O[C@H](N/N=C/[C@@H]1CC(=O)N(c2cccc(CO)c2)C1)c1[nH]c(=O)c2ccccc2n1', 'O[C@H](NCc1ccoc1)C12CCC3C(C)(C)CC(C)(C3)[C@@H]2C2', 'O[C@H](Nc1ccccn1)C1CCCCC1', 'O[C@H](N[C@@H]1CCOC1=O)c1ccccc1Nc1ccccc1', 'O[C@H](N[C@H]1CC[NH+](C2CC2)C1)[C@@H]1CCCO1', 'O[C@H](N1CCC([NH+]2CCCCC2)CC1)C1CCN(C(=O)C2Cc3ccccc3C2)CC1', 'O[C@H](N/N=C/c1ccccc1[N+](=O)[O-])C1CCCCC1', 'O[C@H](NC12CC[C@@]3(CCCC[C@H]3O3)C1)[C@@]12CCCC(=O)C1', 'O[C@H](Nc1ccc2[nH]c(=O)[nH]c2c1)[C@@H]1C[C@H]2C[C@@H]1C2(C)C', 'O[C@H](N[C@@H]1CC[NH+](c2ccccc2)[C@@H]1COc1ccccc1O', 'O[C@H](N[C@H]1CC[NH2+]C1)C1CCCCC1', 'O[C@H](N1C[C@@H]1CCCO1', 'O[C@H](N/C=C/c1cn(Cc2ccccc2OCc2ccccc2)nc1-c1ccncc1)Cc1ccccc1'] 
2023-10-23 00:42:34,799 : INFO : Valid SMILES ratio: 0.2777777777777778 
2023-10-23 00:42:34,799 : INFO : Number of valid SMILES: 293 
2023-10-23 00:42:34,799 : INFO : state position: ['<bos>', 'C', '/', 'N'] 
2023-10-23 00:42:35,133 : INFO : new compound ['C/N=C(\\O)c1noc(C)c1NC[C@@H](C)C(=O)[O-]', 'C/N=C(\\O)N1CCC[C@@H](n2nc3c(c2=O)CCCCCC3)C1', 'C/N=C(/NC[C@@H]1Cc2ccccc2O1)N[C@@H]1CCCC[C@@H]1OC1CCCC1'] 
2023-10-23 00:42:35,140 : INFO : state position: ['<bos>', 'O', 'C', 'c'] 
2023-10-23 00:42:35,340 : INFO : new compound ['OCc1cncc(N2CCC([NH+]3CCCC3)CC2)n1', 'OCc1ccc(N2CCn3cc[nH+]c3C2)nc1', 'OCc1coc2cc(OCCOc3ccccc3)ccc21'] 
2023-10-23 00:42:35,349 : INFO : Valid SMILES ratio: 0.3333333333333333 
2023-10-23 00:42:35,349 : INFO : Number of valid SMILES: 294 
2023-10-23 00:42:35,349 : INFO : state position: ['<bos>', 'O', 'C', '[C@H]', '1'] 
2023-10-23 00:42:36,437 : INFO : new compound ['OC[C@H]1CCCC[NH+]1CCn1c(=O)oc2ccc(N)cc21', 'OC[C@H]1O[C@H](O)[C@@H](O)[C@H]1O', 'OC[C@H]1[C@@H](c2ccccc2)Oc2ccccc21', 'OC[C@H]1[C@H]([NH+]2CCC[C@H]2c2ncc3c(n2)C[NH+](CC3CC3)C2)CCC1=O', 'OC[C@H]1CCCC[C@@H]1[C@@H]1C(=O)c2ccccc2C1=O', 'OC[C@H]1O[C@@H](O)[C@@H](Oc2ccncc2)n2ccccc2=N1', 'OC[C@H]1[C@@H]([NH+]=C[NH+]2CCCC2)C[C@@H]2C[NH+](Cc3ccccc3)CO1', 'OC[C@H]1[C@H](c2ccccc2)[NH+]=C1N1CCN(Cc2ccccc2)CC1', 'OC[C@H]1CCC[C@H]1NC(=O)OCCO', 'OC[C@H]1O[C@@H](Oc2ccc3c(c2)CCC3)O[NH+]1c1ccccc1', 'OC[C@H]1[C@@H](C[NH+]2CCC(Cc3ccncc3)CC2)C2(C(=O)N(C)CCO2)CC1=O', 'OC[C@H]1[C@H]2CC[C@@H]1C[NH2+]C2Cc1ccc2c(c1)OCO2'] 
2023-10-23 00:42:36,468 : INFO : Valid SMILES ratio: 0.4166666666666667 
2023-10-23 00:42:36,468 : INFO : Number of valid SMILES: 299 
2023-10-23 00:42:36,468 : INFO : state position: ['<bos>', 'N', 'N', '[C@H]'] 
2023-10-23 00:42:36,590 : INFO : new compound ['NN[C@H]1C[C@]12CCc3ccccc3[C@@H]12', 'NN[C@H]1CCC[C@@H](O)C1', 'NN[C@H]1C[C@@H](OCc2ccccc2)O[C@@H]1C(=O)[O-]'] 
2023-10-23 00:42:36,596 : INFO : Valid SMILES ratio: 0.3333333333333333 
2023-10-23 00:42:36,596 : INFO : Number of valid SMILES: 300 
2023-10-23 00:42:36,596 : INFO : state position: ['<bos>', 'C', '=', 'C', '1'] 
2023-10-23 00:42:39,117 : INFO : new compound ['C=C1C[C@@H](C(=O)[O-])[C@H](C)[C@@H]1CC', 'C=C1c2ccccc2C(=O)N1C(C)(C)C(=O)N[C@H](C)C(C)(C)c1ccccc1', 'C=C1NC(=O)c2cc(C(=O)N3CCOCC3(C)C)ccc2C1=O', 'C=C1[C@H](C)[C@](C)(C(=O)[O-])CN1Cc1cccc(C)n1', 'C=C1[C@@H](C)N(C(=O)CCCC(C)(C)C)[C@H](C)[C@@H]1C', 'C=C1/C(=C/c2ccc(OC(C)=O)c(C)c2)COC1', 'C=C1OCC2(CCN(C(=O)c3cc4ccccc4[nH]3)CC2)CC1=O', 'C=C1CCC[C@]2(CC[C@](CC)(CC)[NH2+]2)C1', 'C=C1c2ccc(OC)cc2C[C@H]2C(=O)N([N-]C[C@@H]3CC=CCC3)CC2(C)C)C1', 'C=C1NC(=O)N(Cc2ccc(C(=O)[O-])cc2)=NC12CCC2', 'C=C1[C@H]2CN3C(=O)CC[C@@]12C/C(=C\\c1ccc([N+](=O)[O-])cc1)C2=O', 'C=C1[C@@H](CC)N(c2cccc(C)c2)[C@H](OC)[C@H]1C', 'C=C1/C(=N/O)C(=O)c2ccccc21', 'C=C1OCC[C@@]2(C)[C@H]3CC[C@@]4(CC[C@H](O)C(=O)O4)[C@@H]3C[C@@H]12', 'C=C1C(=O)O[C@H]2[C@@H]1C[NH+](C(C)C)[C@@H]1CCC[C@@H]2C', 'C=C1c2ccccc2C(C)(C)C1(CC)CN1C(=O)c2ccccc2C1=O', 'C=C1N(C)C[C@@H]2[C@H]1C[NH+](C1Cc3ccccc3C1)C2', 'C=C1[C@H](c2ccc(/C=C/C(=O)Nc3ccccc3)cc2)OC(C)(C)C1=O', 'C=C1[C@@H](C)CC[C@@H]1[C@H](C)[NH2+]', 'C=C1/C(=O)/C(=C\\c2ccc(-n3cncn3)cc2)c2ccccc2N2C(=O)N(CC(=O)OC)C[C@H]21', 'C=C1Oc2ccccc2C[NH+]2CCC[C@H]21'] 
2023-10-23 00:42:39,167 : INFO : Valid SMILES ratio: 0.3333333333333333 
2023-10-23 00:42:39,167 : INFO : Number of valid SMILES: 307 
2023-10-23 00:42:39,178 : INFO : save results at result/example01/result_C1.0.csv 
2023-10-23 00:42:39,178 : INFO : Finished! 
